3 36 204 272
3 234 214 223
3 221 28 10
3 179 282 247
3 216 238 262
3 65 14 293
3 54 292 175
3 180 199 2
2 168 121
4 34 230 197 182
3 41 102 112
2 167 50
4 275 29 138 178
3 87 90 196
2 33 205
3 99 254 265
3 184 76 126
2 116 101
3 0 139 206
4 110 39 124 176
3 88 185 233
3 296 283 135
3 108 146 37
2 80 89
3 164 253 215
3 8 244 100
2 75 248
3 85 35 132
3 249 45 143
3 212 42 9
3 134 163 94
3 4 217 120
3 72 243 278
4 286 224 20 84
3 299 64 55
3 62 48 165
3 7 188 201
2 103 160
3 13 61 242
5 161 22 31 280 77
3 210 114 173
3 294 70 49
3 246 68 123
3 92 3 297
3 24 281 51
3 133 237 256
4 127 147 17 52
3 148 25 149
3 220 111 270
3 159 202 289
3 162 23 47
2 259 288
3 260 93 194
2 95 181
3 58 11 274
3 203 170 208
3 276 158 43
3 144 26 59
3 107 268 98
3 137 209 252
3 193 32 250
3 227 174 30
3 136 298 152
2 218 190
4 225 177 192 169
3 150 239 106
3 105 157 155
3 56 40 78
2 187 213
3 15 235 130
4 273 269 264 153
3 38 96 154
4 171 117 115 46
3 263 191 231
3 290 6 141
3 19 5 279
3 267 122 67
4 198 109 66 211
3 261 118 145
2 285 287
2 74 73
3 18 291 142
3 200 295 240
3 60 271 151
3 125 81 229
2 63 16
4 44 222 207 251
3 57 236 71
3 79 241 1
3 113 82 186
3 53 128 104
4 166 277 219 257
4 129 86 131 69
3 156 255 189
4 245 195 266 183
2 226 83
4 232 172 258 97
3 91 27 12
3 21 140 228
2 284 119
