34 9835 4299 4672 1392 4889 6186 4442 8787 3276 6587 8133 9716 1483 9022 7368 2338 5773 9461 3875 5288 5198 6519 9324 3309 888 7979 8884 4865 7943 9509 5402 1553 9734 4692
34 370 4087 5835 4393 1707 6406 6994 2766 1662 189 2557 6058 9558 2980 6181 4986 7785 581 166 7529 3067 8419 343 5572 2702 1164 4226 5775 47 9637 3403 813 2658 8977
33 7258 9698 3692 933 1635 2715 3435 4115 8830 6898 670 8812 1905 9108 1404 7263 7220 636 3307 8491 3547 2164 5085 8801 5914 4323 9910 4533 6021 6876 9063 6484 6910
34 8521 1399 1147 9460 3714 4076 880 2911 1625 1228 7252 6655 2683 714 5944 7896 7446 6571 7513 5643 816 860 3008 9403 6237 958 6922 6997 6110 4620 9504 9675 7854 9787
34 9199 6401 5607 339 5192 4656 2333 2133 7844 5265 6300 5568 4200 2625 7952 2258 4398 4413 3634 8773 5305 7175 1501 8078 6880 4339 1669 8224 9965 3500 2803 7371 5543 2314
34 6896 2947 194 6789 410 5681 9768 2128 4400 434 9051 7738 1829 3417 8798 8983 7235 6624 4063 6830 814 4795 6923 5334 2870 9922 5626 2206 9925 7626 1385 4773 2792 9201
34 7278 1227 2215 3787 6390 6972 4972 3743 1422 5353 3320 9135 3835 4248 3251 3051 5789 6845 3006 2275 20 3688 1054 5184 1781 3534 3214 7234 6013 2982 9353 8903 7462 4707
34 6644 8934 3794 8029 779 6121 9174 3830 6515 136 610 4909 7378 447 5698 3275 3497 248 997 4850 1180 2742 500 7269 9470 2349 4720 6536 1222 8282 340 8415 2691 5807
34 1247 3099 4622 2404 6751 732 359 9808 7186 479 4539 413 3898 8840 9370 4318 8335 8340 9890 6699 3002 1895 7580 297 5028 1701 2260 4985 2774 1021 8833 4883 2179 6784
34 7329 1533 852 6761 6402 3757 2088 9886 8687 8564 4588 5978 9792 8386 7067 1729 970 6411 5759 2985 6037 5321 7116 4521 2943 2518 3426 3784 2274 4347 3160 55 8307 4926
33 8254 1117 336 9615 4130 3060 3797 3742 8293 992 7675 4877 3562 6570 2530 6081 196 5174 6961 9703 8507 2647 946 8244 5064 5330 2656 5492 7776 3595 7763 5678 736
34 9040 2499 9954 5440 6398 418 4307 3754 595 4522 3386 8696 1934 2788 6012 8579 8949 1673 2857 1315 5261 2409 1537 7523 2491 2761 775 4202 8158 957 2996 5599 5949 3053
34 630 702 4994 1279 5314 2 747 5442 4198 130 4531 3364 2089 3540 3467 488 6090 4225 8559 473 4758 2295 1256 3511 8097 1818 844 2197 4668 1839 9923 544 4428 9409
34 2492 1694 9189 9502 9175 8909 5499 7297 3880 2252 2042 7270 721 6064 1516 8616 1567 3585 3703 996 897 1371 9097 419 5584 7826 1945 3765 9084 1297 4195 244 9586 8728
35 85 6212 3594 1455 9071 5945 8218 4060 376 2686 8697 2198 5737 7251 4170 4784 8383 9213 9582 838 6142 7961 3065 8202 8265 5534 4152 7307 5531 1743 5092 3213 8797 7144 1463
34 7383 6719 710 2836 1461 300 4457 7617 8719 3062 1081 6290 5919 6701 1511 6947 9251 4486 4862 2173 1366 2708 2784 7933 3836 1731 1608 6698 7374 3121 2886 9120 937 9258
34 2106 4326 9759 1026 7066 9542 1982 303 3083 9257 2290 6998 764 861 4078 3872 9577 4666 2498 931 394 3722 1960 9786 7994 3686 3611 9141 30 8710 7121 2245 5485 4735
34 1954 4258 7238 9391 5439 7319 8988 9957 4713 4581 4469 6311 982 114 466 8061 6234 7579 2362 4767 6551 5017 3130 6092 4619 9585 271 1072 5972 7018 6793 7921 1153 4474
33 9689 9435 6470 4981 1541 5244 4906 1555 6373 1290 3834 4799 1810 3442 2477 3565 7262 4273 2747 7164 7967 4319 2652 9998 3647 8967 9185 7405 4320 1660 7605 8255 3127
34 9967 7431 2082 4424 3812 6569 2813 8500 3028 9066 5497 7212 4514 2964 8251 8726 4526 5025 292 4858 1042 8676 3017 8779 9873 9036 131 5644 2035 1504 8548 3600 8793 9973
34 2048 5467 470 4135 6385 9996 7210 6790 8900 1478 7706 3848 128 7634 4738 4996 199 3415 9706 9493 2670 1654 1131 4611 7213 2700 4719 7340 5216 5233 4788 7011 887 9764
34 9681 421 6316 2090 3850 9186 9466 2585 9208 7911 1944 8220 4253 6093 8126 7223 2310 1372 2865 3176 32 5997 1565 2739 9546 3566 11 9117 7455 6455 3851 107 4103 5934
34 3141 4370 6379 7963 7926 916 1612 4220 741 8084 6464 2416 9622 2790 9017 3153 4782 7083 348 8874 2007 3684 2973 4286 8032 1112 5082 4289 6354 2247 4556 1624 8729 1653
34 4821 1219 5628 7165 7338 7954 70 9448 6720 5280 7305 78 6986 7732 4016 3985 4761 6704 2764 9289 3163 7660 2509 1017 3560 3581 3398 1122 4033 8863 3653 8551 1526 7532
34 4229 3533 6747 2958 5155 4362 4797 5591 4479 1447 8488 6293 3261 4402 9193 7158 8911 3385 2638 9532 2022 3627 3857 6611 7054 4640 8498 5477 6067 900 9297 5079 7613 281
34 975 2895 4151 6228 9269 4465 7148 7974 7624 2817 6974 1479 2757 9484 5933 9032 7356 7847 2541 1685 7323 7010 9771 5726 9139 8866 2242 3161 2594 4390 2963 2186 3548 9761
34 2516 7725 2104 6582 847 4466 7893 2111 2308 9547 1759 4237 7030 8274 6545 9526 6563 6667 364 7542 4900 4855 9705 7078 6421 312 1158 363 9232 8326 1369 6273 1831 9654
35 1010 5650 8922 9663 5091 6263 8817 7154 9307 4276 9094 4070 7197 6409 3146 9253 2039 3454 4935 7937 6703 4256 1634 1877 8384 3082 9453 8023 4970 3741 5307 7236 8438 8919 9345
34 631 4075 524 3599 240 4635 2727 8850 7333 2987 9205 3296 3034 8452 526 7840 5156 9679 4543 3058 2170 1311 3583 1171 3243 5522 9611 9914 5716 489 9557 6674 5414 6399
34 2421 7051 3012 232 7135 1048 1916 6914 1125 9079 3882 9452 8232 8283 4455 5994 9719 5352 8271 2771 6736 269 8163 8955 8742 2127 4094 6025 3858 438 7894 981 3589 3807
34 9386 2431 5135 2811 7409 7354 1312 7775 2773 4566 6899 1741 2885 8228 6767 8867 6639 3111 6777 7138 8627 3041 5223 1953 7856 6711 4291 9464 5231 5739 1889 1309 8200 2122
34 1249 2386 3869 824 6124 5026 1411 7679 1620 280 2854 4951 9095 570 4568 4752 2476 91 7046 6208 8053 2326 4403 2231 1600 3152 3063 338 516 1211 7704 4708 642 6875
34 5399 5189 1076 9132 96 7953 1601 7244 575 7816 8009 2280 8043 8226 960 8560 3353 213 7331 4375 709 6900 3476 5093 8342 2052 745 962 8270 3997 9943 7298 9649 4282
34 863 3339 4575 7813 8079 6583 6438 7538 3159 3094 116 7828 9869 8731 798 4216 2847 8937 8494 5365 4042 1098 4742 393 527 9111 4146 5918 8177 4125 1579 9661 9936 6259
34 6158 4831 2707 6035 3681 5826 1610 4271 2324 4205 8423 3437 6827 7163 8669 4629 743 3720 1006 7668 8954 7864 1304 5616 7547 368 9083 5728 7597 8861 5953 374 5756 1522
34 8011 572 4372 5148 4502 6498 2923 1231 1546 5069 2449 8647 3758 8465 8162 2083 921 9167 9589 9521 5153 2121 1425 5658 6562 4603 2429 950 2676 8343 9318 4209 3736 8412
34 8404 8814 53 4426 2081 4351 6811 275 8429 8626 1087 9463 5748 2643 3434 787 8101 3578 307 109 3394 4274 5847 8473 3788 7743 2535 9995 6806 5971 7141 143 8605 82
34 5003 539 5186 3190 3366 449 6813 1695 6046 9519 9479 6393 2636 7779 4667 4227 8212 7539 7105 8276 1437 2073 8298 5817 3407 1141 398 8317 7199 3474 3073 2433 2130 9894
33 9518 9322 7554 7902 6071 261 3019 6378 2841 5483 101 5175 7751 3664 5851 8171 8602 8456 5311 3102 3480 108 9184 8717 2957 7560 2343 7633 5990 9642 5536 4657 3963
35 5685 1248 8041 6597 2194 4992 6392 6985 7055 6496 9969 7574 4637 4631 1681 8463 6117 624 854 5550 4045 345 2077 9070 7149 1123 8870 4610 2906 3106 2517 3618 3974 5101 582
34 7479 7756 427 3573 851 8805 8617 663 3727 3908 6814 7172 9338 9220 505 2033 1165 3818 8257 8752 6595 1129 7928 366 6244 7182 6376 1451 8721 2372 2634 7707 1923 3436
34 940 6109 3224 6865 7499 3793 165 1809 5470 5583 3475 8362 246 8435 2024 2359 9520 4871 7677 2297 8347 6052 2037 1828 5337 2196 3297 7123 9400 7347 7309 4031 5475 1572
34 227 534 7899 8590 8375 906 243 6162 4969 694 9997 9854 1661 2787 8240 1586 2586 3379 44 8132 2749 585 3488 9281 7607 147 3657 4062 7886 5225 4645 5239 6964 5479
34 7411 4495 8901 945 6686 2750 1393 7093 5799 1738 2003 4919 6742 8803 760 2526 8145 8460 7146 2752 9285 2051 2845 1796 5001 9204 3774 6364 8941 7881 3912 878 1972 9646
34 7254 2176 2296 424 7498 1495 9887 1888 4872 3687 4192 9300 4698 2762 7200 7708 8575 5609 6514 9798 1589 1000 6647 8294 3721 3128 5871 8743 3375 9192 8402 7171 3284 8329
34 967 2434 6847 5633 423 346 1583 6804 2974 3031 8205 9123 6188 9788 8388 737 7764 98 5772 7938 4594 335 9704 504 5029 7469 8999 1969 5332 1508 5486 9770 8169 3860
34 9987 4194 6163 2070 3355 7862 6797 1368 9717 9727 2277 2685 5617 73 358 8250 597 6909 9145 1907 6357 3655 1981 8746 1030 7993 2018 4604 5126 2058 221 1418 514 7447
34 5207 8174 9064 8976 1523 8681 7727 740 5715 8978 5284 5103 8520 8532 3045 2214 7909 755 2611 8010 5749 3228 5893 9667 4092 1156 8450 7815 4126 7460 756 4983 7180 8897
34 6436 9288 7224 9674 9978 1794 9000 134 5346 2411 5335 8039 891 9121 7453 1192 357 3253 5114 6787 1003 5407 6590 2161 2794 3918 7966 8856 4712 1894 2768 5234 3645 3395
34 8233 4162 9724 1521 2175 651 583 8716 2979 9005 5754 9165 9059 9983 4785 4963 3469 3842 923 7972 1269 5512 5087 2484 969 5104 1159 2253 6241 7027 8672 3235 5145 458
34 8100 67 8671 3778 467 6108 1318 2978 7879 1193 6454 9924 5474 2000 8489 3162 6482 8269 2532 4964 8544 4770 4433 1133 6016 2074 4608 1883 9548 9599 2162 6296 4211 5458
34 7389 3050 9099 5193 4026 926 5333 5810 9011 3490 587 2185 550 9517 9805 3522 5655 8959 7481 4876 6559 9033 6968 472 5219 203 5803 9864 3748 7755 2887 6429 5298 8281
34 1360 7068 8363 89 2013 6371 3556 4766 4360 8844 4212 1434 6897 1319 2777 977 12 9933 8724 3098 5506 9375 6453 4116 7343 222 3 5940 3944 6297 2725 2825 521 899
34 3139 5071 1460 6622 7873 1816 7181 5438 7936 2241 537 9001 9274 8925 7458 9631 5538 3119 8511 3643 8409 3325 8720 6858 6221 8651 3881 4311 5570 8541 3188 4516 6467 8747
34 4376 8505 2011 1291 993 399 2919 4287 6233 3396 6009 9102 8993 9069 7266 8497 5594 5418 8936 5718 4721 4235 5057 5735 238 5942 105 6070 4335 7113 8194 3216 7603 795
34 390 6492 7656 5034 3164 8324 9741 1170 4705 5913 3917 9650 6003 7099 4716 6298 4602 7176 8253 8048 2969 681 6375 7404 999 9928 9268 8581 8214 1354 9342 2959 8565 2204
34 4733 5670 8107 9068 1091 7780 640 8767 9968 8526 6450 3451 7346 2453 9856 5357 5708 7129 8542 9203 6113 8080 5287 8592 8804 2880 2544 6151 7977 5370 6977 6478 9712 5783
34 7747 9855 706 2456 8599 4585 437 1375 7778 9900 1028 4009 443 9845 8792 6462 6723 4301 9511 7020 4515 8990 4461 4687 2076 4828 5605 1013 2934 2849 3124 436 9295 8940
34 5445 3183 990 2006 2014 6697 2925 8121 8287 4172 2478 4754 7600 1245 3464 4505 9614 167 3638 7609 3886 215 9092 6164 3871 6270 3487 5629 6175 9879 5768 5009 625 8054
34 5472 8234 6755 7771 1435 4196 6883 5409 1140 4931 6051 4937 1590 6102 7765 6982 3677 1668 8825 8372 5308 936 2504 4067 546 8002 4421 6463 9052 8014 9424 2292 2257 3718
34 2578 1379 9004 6630 6260 175 5947 1031 9543 8431 8106 6727 8584 9374 2272 9170 7766 4179 7991 2576 3546 503 102 5939 2084 8247 8762 3343 4378 7457 3536 5811 1898 6080
34 3273 9128 5986 7830 2213 4820 8266 6099 2554 9380 299 4661 874 637 7846 9537 1038 6461 1943 6675 4059 2601 2315 1644 6566 2345 6471 7604 4704 7477 4498 2607 2390 2776
34 4381 7283 9373 9366 1345 3196 574 5157 1073 6695 1342 3129 5820 8146 7014 5620 5886 7970 4638 5930 1464 1798 7586 2132 145 9618 8588 8479 2268 9065 1157 4975 5580 4837
34 3203 3064 1137 8624 5429 4298 2760 9550 2556 2891 1377 8914 979 1355 5247 5480 4181 2718 7418 5463 4489 156 1139 8611 6796 4959 2649 9474 8869 6554 4456 9187 3924 6126
34 4476 6264 2405 5455 3226 1114 9690 9050 5426 2916 138 2340 8059 2165 2550 5296 5833 6916 9497 4597 3440 8323 1996 9096 678 5793 1468 511 3959 5235 3649 1473 6957 2659
34 3897 9223 1886 6457 5798 2307 6143 2741 5326 5443 1775 8493 9337 4842 8256 2225 1918 8394 9061 559 8578 5640 4005 2621 2447 9365 2678 2860 8112 2688 6615 9809 9593 3421
34 819 6074 1631 2155 9935 2664 4993 9381 426 5621 3815 5344 6040 9 6817 9600 983 7053 4452 9682 1421 6327 3968 1051 6466 6567 3211 4445 6540 4169 6394 608 1357 4327
34 7694 8552 8077 6931 1148 2580 8408 7710 3452 9670 4660 2417 5757 7534 774 7395 3289 1515 8958 5920 7396 4891 5883 1396 3027 7770 2191 6585 1606 3930 1528 2893 7059 4823
34 5880 6167 155 4118 5065 4051 6426 7947 1077 2199 9134 9494 7000 1967 5376 6352 9739 8187 6629 7277 8021 6355 3003 7759 8972 590 886 8144 5729 4460 5781 6381 8012 6060
34 4928 1413 4577 9636 2639 2970 9106 9239 7827 1873 4175 2824 7157 3509 3849 2008 2461 3949 9450 4564 894 905 9044 4154 284 8832 3852 8604 9195 6380 6724 4506 9849 3632
34 3545 3248 6119 5840 4007 4242 2717 7762 9888 8075 4358 1466 3311 2086 360 3001 2604 1337 6194 367 180 1568 50 7084 4182 1776 2454 3335 210 1033 6210 1574 5240 7929
34 7543 5961 7973 9607 6530 8403 5132 2470 3491 5185 5300 5736 915 8196 3264 593 2710 6098 8583 8536 1229 493 3771 6214 6277 1034 7855 1696 4732 6861 3900 4920 4548 8829
34 1629 1381 8374 3131 5983 8425 5745 4262 9218 6383 7110 1851 8261 7291 7130 7583 1 7452 5968 328 9964 4144 2546 7724 8638 5527 8753 8176 3932 4440 3023 9498 9465 9008
34 8943 3729 9780 565 5598 5000 4714 7611 9072 5684 9115 8042 2861 3956 6485 6022 1834 3926 3173 1059 2285 7156 7249 9563 2632 1426 4350 9019 1065 758 5206 3796 4771 3315
34 517 5941 9686 696 3838 3210 1887 635 4980 422 7784 2402 7924 476 5329 8802 6230 9606 4905 8331 5549 6010 1281 4679 3503 3895 8670 713 5903 7592 1198 9014 3915 179
34 4529 4930 8180 6057 6066 6048 6473 4509 2412 912 7355 9002 1811 7133 3701 1347 3377 6114 4596 4825 4213 8906 7669 7007 4391 7467 4699 4774 5696 1197 1691 1326 9718 831
34 2336 5502 4755 790 1105 2690 311 2150 2443 8102 1482 5960 3346 2099 6254 9478 6648 4736 5740 2779 4781 4332 9669 3404 6065 7606 1920 7127 63 4641 2940 2283 1474 7096
34 4818 5850 9155 7715 8288 6261 6641 4396 7522 895 7352 2672 9803 120 49 1106 5741 9897 6577 4167 7225 720 686 4254 8965 6579 9818 5581 4464 4811 873 3755 6643 699
34 4943 3025 6365 9829 1183 9948 3821 9407 7360 206 5256 9420 3894 4880 9214 9246 1968 5632 1836 6187 5428 1199 435 171 3775 6887 5218 5213 1225 6240 8024 8738 5068 6349
34 8366 6893 3021 4851 3726 8573 1823 8230 3884 8193 6294 293 6731 4419 1441 6123 6320 2064 8570 683 2178 4816 731 7507 5142 6743 6245 2850 6033 6112 682 5574 6289 4987
34 87 2650 7203 2116 4017 1591 5246 6295 7100 4731 5447 9693 6656 6749 8273 5403 8674 7713 361 6144 468 7509 113 132 4573 934 4255 4035 1700 5123 6072 2394 31 9278
