9 9504 2867 5849 1098 1896 9754 1065 701 8661
12 2581 4966 3754 5351 4690 2128 8545 1314 4880 6648 9944 4810
9 8890 164 4045 7534 2694 6452 3757 3908 5556
8 203 5557 9554 5600 7220 894 6043 350
9 3654 3050 7812 774 5981 1352 9880 4851 8936
6 2418 2082 9361 8679 3213 8660
8 9121 7811 8903 694 9185 3263 1034 8812
6 2384 6198 4802 5453 9816 4604
7 7468 8042 9195 379 6223 3136 7113
6 5137 6172 7920 5620 1344 5573
13 7270 8782 1584 527 6989 5700 1198 5702 3704 2311 1996 4385 8010
8 8227 5757 7502 9709 8233 5605 1498 8252
4 7936 7061 9556 5984
7 9913 6098 6850 4147 6062 5366 3824
10 4829 4772 9681 4957 2153 6669 4617 7037 8220 589
5 1178 8520 1980 3088 2640
10 8773 6580 1667 2684 2771 3211 5411 5534 5810 7746
6 8578 3105 8595 8715 2430 4370
6 9256 4208 2078 8609 2099 4858
7 7227 4636 6332 7322 4397 3323 5221
9 8670 1568 7236 1920 5219 4789 808 3774 7711
7 7325 8774 2702 7298 2084 782 7809
15 7005 1869 7816 9817 4877 4546 7823 6165 3867 5520 5101 5080 969 8930 3164
12 7013 168 2846 7793 3565 9629 4085 5032 4289 4098 5851 9416
6 9927 1005 6326 6743 1965 3767
10 2176 2930 8628 6930 4942 1045 8077 3915 8459 1650
8 8967 2402 3269 8450 214 3796 3818 7130
12 4679 380 7415 7266 3751 7528 8530 3121 3342 740 4330 8403
11 6321 1491 5523 3879 1804 2017 2214 877 4798 6478 4449
12 1192 7687 1872 9950 5792 2401 1320 9983 3299 7949 6094 3913
11 7716 9165 3216 9666 8564 7626 7091 5166 2988 7638 3659
6 1900 9377 8009 6359 5194 1458
9 5991 3394 8547 561 112 1839 305 3397 2565
6 7913 6877 660 8420 5969 6089
13 6252 7207 193 8950 9508 720 8761 8246 2479 6813 3082 9027 7047
12 563 4969 4058 5569 9023 7440 3038 7277 8650 2558 215 4903
12 837 7108 2320 2383 9636 5031 7570 3416 9444 2398 2341 9244
16 48 3849 1189 908 8187 3584 6907 409 8300 3159 1436 8750 4221 5738 5136 9093
6 9459 7366 9566 5704 3124 5578
9 303 9071 4078 7506 2330 874 4439 4816 1671
11 2718 6248 1248 352 4770 2116 659 521 9420 3022 9728
22 2009 6003 1845 5234 9737 6173 5369 4353 881 5879 6029 3699 3862 1355 9785 1429 5559 126 485 9682 9366 2037
10 8965 3249 150 199 5222 4623 3924 8209 3813 9372
14 8711 1968 5743 6519 2335 9810 1201 6741 4135 5929 6802 357 8432 9375
15 4839 376 6402 3066 2072 730 2809 708 9219 216 9823 3537 9395 6540 5742
4 3156 1339 1709 8749
10 7804 2292 7513 3052 2016 5622 7749 5880 3137 4362
9 306 5304 6268 2626 3999 4323 3145 1687 6469
9 9550 3239 4495 2972 4594 8368 2791 8951 9803
14 445 2357 3364 1227 9035 76 2442 3425 8395 9543 6744 8161 5911 3446
8 3321 6316 4711 4830 4608 2360 2611 5651
9 1138 2060 9846 9819 4593 7380 8945 9723 5729
11 666 6026 6662 1412 7701 9804 2525 4607 6413 3161 1854
11 6039 3531 2121 9052 6716 8760 2644 1672 1947 6376 217
10 5983 5663 2314 6085 9300 8093 2552 2417 6777 7458
6 311 1864 5764 5769 9167 8253
16 4094 1206 7609 7602 6503 9987 3583 1783 2386 5375 4852 9718 2768 1501 3382 5807
22 1335 2934 3170 9345 1511 3669 4756 4664 1800 2652 4154 7666 3462 1424 9278 1466 8842 5656 6030 6362 8643 1979
17 5497 549 1557 4063 1109 6247 9180 4119 3845 8033 2247 3865 5525 5708 2740 3368 1679
8 3647 9370 6983 9055 433 3756 8922 319
20 1992 3245 5686 4959 5069 2523 7203 4227 7691 7757 4318 8993 4489 4549 1999 693 5309 8030 2756 2832
9 3580 9418 5112 3648 8431 1409 9322 7564 9924
21 2949 2436 4017 6182 241 3418 2108 846 5998 9912 6814 4170 3785 6927 7501 9837 9510 6283 1918 6167 5297
16 4435 726 1784 4544 661 7901 560 5161 1771 4843 8820 2424 5188 5567 6816 4949
10 8703 8203 2696 7453 5954 7392 8493 6737 1541 3367
10 8071 9265 4024 4050 3691 967 3232 9237 5154 5574
4 3358 175 5985 5614
9 4059 5371 3775 7894 9000 8960 6008 3141 1545
10 1874 6843 6125 7794 8182 6896 1051 3811 4714 1114
11 7575 2641 3989 5240 405 9159 7802 4801 9547 3968 567
9 8292 378 9166 1555 293 4497 151 9872 4603
13 8088 4068 3672 4699 6977 9175 786 1469 6131 714 827 9408 2086
19 3444 1269 7864 1102 5263 4285 7843 8401 2115 4396 3476 2228 5958 6643 3682 6471 3421 2040 4400
6 7948 852 657 9135 6192 7062
7 7318 8588 1908 3990 8198 7678 6970
8 4377 4693 7884 5968 6059 3967 7730 814
11 719 5554 9436 4515 4686 8659 442 9801 7086 5168 6636
8 1209 5295 4882 842 773 6803 1053 4299
20 8630 4742 6048 7612 9890 8747 6739 9679 1930 8486 6078 6563 1392 8932 4060 8446 9799 542 4123 8584
9 1135 7156 7791 5451 9882 9821 7849 5914 2102
14 6403 9452 98 9641 3065 4696 7077 7296 4566 9928 1235 9687 2834 754
12 5018 6740 4525 5012 8373 5994 3267 3636 9100 7633 4266 4483
9 3202 739 7389 2958 3483 487 946 1516 9665
21 268 1097 5406 9705 4855 1010 6836 9182 9752 7381 3974 2444 2000 8421 2596 6414 3843 9018 9268 2018 4321
20 606 6706 4494 5087 6237 4653 1369 1223 6657 403 2589 7769 458 1681 9570 8283 3919 4430 4932 2085
4 6807 1674 3560 5962
11 7952 3188 7114 9450 1785 6900 2913 5268 1169 5350 2075
3 7429 6517 5340
14 5649 633 8667 6498 8693 4944 5214 9194 7867 8720 5650 1145 5801 3372
12 9084 956 5516 29 5853 5783 8956 9576 5885 993 7972 240
11 2297 5899 1282 7066 5709 4008 865 8745 596 8103 9693
8 5091 4347 643 5548 4786 2461 7923 2380
13 1993 5615 7188 872 3753 85 2653 9948 1647 3550 2947 152 9621
14 8518 3193 4282 2332 3436 6833 9118 4658 3667 2451 3750 824 5314 6511
17 1815 565 4659 2217 9538 1113 713 2180 8973 1186 4628 3487 318 2765 2960 1603 9583
15 7862 5477 5902 4200 3512 674 7922 2515 5976 2122 7927 1474 1612 6006 9471
18 6135 3426 1384 8328 5426 8207 3904 3160 6450 9640 2250 6821 2634 6251 7516 52 5530 1821
10 8306 8194 3765 4906 4297 3319 5906 7498 7914 819
6 4887 4485 7627 1789 4560 8852
7 6912 1620 6579 7929 7873 2265 7726
5 5480 6523 209 2882 1973
7 7346 2275 4104 8644 5540 8402 1945
19 5299 4507 1777 5866 7434 313 1734 8257 4940 5262 6263 9112 4248 6213 3776 2236 2861 1610 5430
17 8271 3442 9140 5285 4247 9712 8915 2548 9116 2470 636 6756 3470 2142 1715 6382 9602
13 3457 3616 1984 6381 4475 5967 4302 2177 9213 3570 9701 3888 2810
11 2296 8236 5771 1563 2969 6811 7661 7510 5052 9236 2303
18 190 8736 206 8128 3176 5809 5359 8521 1521 7102 1453 8800 3443 183 4595 4100 6681 1714
21 9888 6710 4601 5719 986 5711 5241 2366 2393 7647 1252 1245 9800 1913 9886 8601 4092 9111 3351 3847 3752
20 1664 7768 3148 8681 1406 3477 3651 9729 843 459 6529 6939 6161 6020 7210 5878 7474 8844 7248 3900
6 5332 8605 4764 2209 25 4440
18 9675 9549 9291 7118 1605 4863 5888 1364 2324 9321 1048 8099 9795 120 5094 5343 676 6056
14 4467 6188 5500 2220 353 7344 2164 8160 5864 7259 7552 2419 520 1016
9 4796 3646 1286 817 6415 9724 9188 9050 7542
4 3527 4536 7581 9930
11 4379 3230 7654 812 9424 6331 6205 5904 6149 1538 1651
6 7070 7186 4704 7097 820 6940
5 3147 6698 6591 3650 546
20 7399 3411 3778 6537 2551 4781 2132 7874 4099 5990 7176 7384 4840 2996 3842 7735 2854 4613 8562 6075
17 6115 4761 5189 1475 2008 6280 6582 5593 5875 9813 285 5870 4989 9419 8992 7222 9975
14 2015 1527 4907 9045 3469 2390 8150 2077 2714 4584 1879 3332 8419 1190
16 5192 7677 7020 2426 1910 9262 55 4937 4274 6910 244 9225 8492 5347 3508 1856
11 84 5727 7956 8449 3709 9790 8933 1686 5908 8294 3182
19 6783 2465 8614 7477 7445 7457 8073 1276 8477 580 5184 9988 9328 9939 1393 6793 2413 508 2741
4 3607 1465 5071 173
7 2573 196 7631 7205 8542 9456 1531
12 7320 4842 615 3196 3311 6689 7595 9628 7876 355 5513 7879
20 2576 2720 9654 4090 992 9429 2673 2928 7120 5160 8272 8551 230 2959 6858 250 1217 2557 3538 2642
10 6031 7383 2397 6475 5479 1471 7750 9447 8646 884
9 6654 8968 3377 7546 7551 8889 6243 2837 106
14 5445 8784 4194 435 4088 8506 3475 990 2885 448 7287 8981 9082 8422
7 8329 4070 9272 5913 682 510 5478
10 3253 2288 8953 7370 3961 4491 524 4892 2535 6171
12 9020 9044 4195 9649 4561 2745 1451 1328 4452 963 907 2416
12 920 4528 6871 292 618 7682 2039 7217 1779 698 6380 9910
8 5113 3739 8653 8229 7763 5380 368 5627
19 7293 5387 8642 6903 9406 6984 6455 9015 2601 9022 7663 9694 5584 928 4326 2279 2156 6856 8231
22 2106 394 823 6647 5377 7209 7490 3789 1534 8266 8617 1791 639 1357 8688 5006 5292 4064 531 8916 670 7698
17 1305 1090 9503 2605 9735 665 3169 9187 7014 1914 3940 6025 612 9866 1875 5532 7815
3 1492 1880 1057
10 3708 7364 3370 8188 663 8785 1460 2129 5140 7482
15 2920 3051 210 5465 2543 2967 4939 688 6009 2468 2504 2632 9234 4847 2903
9 4027 374 6703 8835 5674 6064 7926 7782 3912
6 7444 9473 8620 9657 7621 1886
13 7640 5668 656 2711 159 1883 3770 6583 6771 4359 518 5260 5484
12 3381 554 2663 2304 6255 3686 970 6398 5827 219 586 5639
9 5441 7903 7636 2198 979 5116 8691 800 8886
18 6901 1866 2036 772 7915 4481 6842 5933 3092 2927 6699 965 4834 1827 1365 3328 905 2931
15 9698 3375 4153 7129 1194 7792 6839 4821 8682 6122 9651 9469 3007 3828 3272
12 1528 4048 64 7080 9209 8426 8990 7164 545 9153 7353 3870
6 3608 8902 7000 1871 1546 2124
12 1978 8085 1079 95 1862 2681 9992 7150 2079 9740 6738 1853
5 6456 1000 9292 8516 767
8 476 2907 7009 3262 1756 2476 4655 9519
13 9349 462 3746 3044 2118 1104 1110 5307 81 8181 5106 4710 3599
4 3471 2651 7433 7778
19 4309 5235 8055 6742 9316 8979 9761 2787 4249 4496 9923 133 5054 4441 2497 8481 8576 1310 7352
15 9864 7861 9133 2167 7267 5892 7912 8502 7857 2431 4921 7098 6272 5301 2709
9 677 9954 7567 6800 6375 1338 3429 6829 3391
5 769 1200 2887 4314 2473
8 3539 6200 275 7250 8976 9539 7153 7890
11 6694 3208 6132 6463 2805 9652 4137 4850 5882 8772 6309
13 4411 5237 6584 239 5009 1470 1199 9043 4358 5675 5323 8439 4065
15 3743 7373 7451 1550 6484 3721 5279 7316 680 2241 7286 871 760 5083 6018
13 3988 6804 1323 1100 4586 4792 2140 8571 7312 1233 8018 4521 7432
19 4214 1625 1441 4387 8075 4643 4072 8816 646 6865 7045 2568 3009 3454 938 3946 4250 8245 1499
16 1438 4020 9559 7994 4410 7135 6985 4602 1595 7463 6597 5317 8324 9298 2831 4301
15 9544 2981 1500 4656 6538 8731 6885 9191 6420 4787 9496 4777 6366 9442 5281
11 1376 91 5837 9784 2857 9355 2285 6357 1154 3345 3374
11 1002 2313 3740 4331 8831 8793 4394 3130 3829 634 7848
16 1803 5287 864 6642 7870 3340 9114 1692 1031 7665 8284 7479 6953 1911 2041 7907
10 4717 2305 5433 9158 6848 3524 1345 4345 5919 3406
14 2432 2538 3605 2293 5602 6058 5070 6946 7650 7148 4499 4429 6345 2866
18 700 1593 8586 8191 439 8585 3807 3104 7614 3181 3251 1281 8539 9774 723 8228 7738 7599
10 9393 1372 6922 7442 4646 2319 3930 2023 7531 6714
12 6794 2026 8445 5300 3966 7493 6550 6021 622 5957 8029 9530
3 7229 8719 4793
11 8509 4644 2315 9072 8991 863 8470 6883 2590 1690 8504
10 2917 483 4450 2171 7342 8599 1891 7090 6446 4409
4 9216 57 9824 7147
12 1543 1757 1773 5766 4034 2346 7847 1325 7683 7212 7761 9062
6 5982 1710 2284 9579 2526 7940
13 9852 2603 7379 1553 461 8767 2539 3625 3905 8348 4835 8593 178
10 8878 1326 6480 9633 6367 7278 2159 1628 8314 3861
7 1399 1222 4121 2248 8909 789 11
9 2053 523 1902 5583 1598 3593 3893 3788 584
12 2356 8435 4028 9087 5713 9557 5712 6749 691 7764 7025 8937
7 4885 1208 6041 9632 1132 3114 8330
16 1315 109 1986 6101 3420 2143 4376 1589 3566 7662 1387 6605 2178 3360 4470 3438
16 4687 9138 583 1480 9513 3921 3947 3108 5626 9734 5187 2505 5565 578 3061 2510
11 3572 2566 4657 5444 3424 3049 1224 2407 1203 5694 8665
12 9851 7284 1251 728 2 4443 2345 9458 608 260 4762 3590
15 6913 8302 9926 2904 6476 3366 780 5208 6197 3772 7085 5305 2614 8273 6834
12 945 7613 8876 5210 9150 9075 2062 8127 2362 7466 2901 6554
10 4011 7246 4720 8970 7679 4979 1428 5724 4278 2263
7 7109 9610 8788 7197 8039 9896 9899
13 7957 6745 9226 9284 582 5043 4264 7394 1702 3645 8662 4651 369
9 8758 5576 3986 3463 4782 2482 280 3086 1260
11 8149 3821 5955 7889 8882 3779 8869 4167 6120 9360 5016
18 7657 6293 3325 9362 1634 6987 3793 2729 1353 5393 991 8247 8438 5352 4874 1237 6001 6235
11 2147 6536 8555 6784 5437 9030 2234 8768 709 4698 4818
7 3362 5746 5405 2382 402 1061 766
12 7355 9199 8901 6566 2151 2754 5391 1181 2374 8335 7856 3515
22 9523 5205 2112 2973 761 9144 2207 7916 9046 3396 1121 1004 282 3970 2231 9392 6932 4539 5619 6137 3127 4920
21 6780 6607 6618 5808 3859 7232 3663 7193 5008 6138 1587 572 1716 2899 3657 7987 7351 7272 7333 2956 9506
10 3236 5553 47 8814 8624 481 9060 279 8687 8819
7 7110 3826 8339 5502 2955 2668 6707
12 8184 8686 5794 2935 9106 9779 4125 2498 1266 2977 4415 5733
11 6377 6333 272 4806 4947 3574 1921 8833 8105 9453 8466
11 3869 1267 1922 6961 1106 6164 1840 1163 7169 4569 4371
5 9581 7075 4938 2722 9515
19 8204 8059 9282 2686 7191 6729 7931 8826 5818 4866 6512 4703 2272 122 2715 2680 3474 2351 1140
11 8024 1023 3220 5838 7829 6874 2602 3266 4074 9612 2343
14 7475 7319 3655 9134 1697 2982 9192 9171 3278 4493 97 6862 4730 2561
13 4184 423 4346 9325 4826 4207 4317 2089 816 7285 7455 1640 9748
11 9976 568 2511 4021 8323 4673 2074 9319 4868 5076 7507
13 8175 6265 6338 6485 5218 6526 2661 8346 3827 6908 1781 8928 7006
5 6952 9186 6392 3907 1018
12 5517 5716 1565 3414 9156 7840 8739 2648 4744 6196 6143 4824
20 1066 211 8378 617 4767 9731 6121 1271 9981 5212 2649 4136 3233 5093 8583 5023 8987 412 8958 1388
22 9935 3555 7406 7092 9511 1630 1101 6562 1309 3885 4605 5971 9397 9859 3083 3307 5692 887 7028 2104 3006 2676
14 6765 3544 3541 7891 1407 5014 7984 9283 1592 4405 6425 5779 2613 2486
11 3951 328 6645 69 5780 3802 8159 9102 505 6980 5313
18 5424 6418 8310 7494 1215 2110 7558 1838 7078 9376 624 2760 1870 9889 6061 3498 8170 9083
10 9483 7119 9190 5134 6422 9183 2048 4871 929 1179
6 157 7471 3632 8824 9330 7187
4 9627 9347 4471 2246
14 3329 9733 8675 8856 1386 4143 5034 6649 8575 377 4111 7655 1493 5036
15 1447 8104 4255 3122 9364 6670 4652 2937 4555 6567 90 8121 7179 1810 4325
5 222 3398 9202 6753 870
8 7347 8111 9611 1421 3532 2990 4334 1727
9 6110 8262 5089 4815 8464 4838 8237 8016 923
7 88 9757 856 6186 7122 1513 5067
11 8978 1381 5201 4624 4884 658 2264 4727 6719 4001 7461
12 7464 8940 9382 1967 8212 3495 6245 397 5211 2205 7177 7425
13 1635 1830 3564 9619 8118 2781 8698 9623 3393 5017 35 3341 3841
15 1273 375 3629 8652 8444 4872 3326 4854 947 2670 3992 1459 6680 2732 2803
4 6656 6735 6527 7556
10 9901 4171 8155 4788 8840 2415 4986 3534 7909 2859
4 6044 6544 5690 6801
18 3549 3068 1863 3334 4537 2233 7515 2270 5710 6181 9512 6897 8873 8297 7231 9378 3553 235
18 6724 3817 3530 8021 1256 779 918 5250 9722 7668 7962 9425 699 3494 2874 9706 6353 7125
10 4437 672 187 1970 3190 138 6013 3866 4588 6593
15 5510 8792 5920 7224 1332 7799 3174 6128 5045 4629 1668 9080 4512 2971 8049
17 6269 3197 4233 9563 4875 2399 6969 7334 3925 4645 1842 826 1502 4044 6033 6581 6727
10 8563 607 4232 5367 3231 9630 1790 3997 5558 177
13 2751 5060 5306 5082 475 9160 6722 9405 9929 7680 34 7616 4748
10 2135 3291 7882 742 886 3221 5835 4804 3805 2984
15 5744 3840 8290 6305 5816 3119 4832 1537 3016 9136 1307 9079 1371 8415 7330
5 5890 6851 4056 978 4776
8 3333 6139 9707 1040 9564 9868 6855 8475
16 5721 4661 2006 8309 2107 2261 876 2439 9141 8261 2944 6290 385 9884 4482 7195
5 7329 9137 6119 6686 4258
13 4833 1529 9485 9809 1081 9881 7967 6163 6116 8512 3496 1857 8027
20 5090 9274 1613 3276 1601 1997 3615 7810 8079 7645 6574 1455 4685 7933 9832 4805 7619 7656 4477 5610
6 1888 6160 3435 9505 9252 4417
18 4894 6711 1363 4115 6809 6652 4867 7787 4642 4066 6548 7446 1639 2495 2682 4734 7924 2428
8 8587 310 1685 1431 2665 232 2190 6960
15 1867 9869 5245 4807 9769 1250 6360 7004 9968 6437 2375 6674 8938 7971 5979
15 9763 3833 1062 5473 7064 7208 5040 3451 5123 2762 6806 2076 27 2587 9460
7 3257 7253 3936 867 2081 9490 5107
9 1515 8484 3891 921 6216 6884 2352 8596 841
20 5693 3855 5381 6133 3542 9128 2797 5881 8823 5679 1047 7140 6155 1746 1750 6389 5519 536 387 4036
11 6404 5887 8566 1912 943 5238 6169 6179 9363 7598 4694
9 6190 799 7830 396 3450 9039 290 4084 7573
12 530 9449 649 5472 5579 4291 3210 2033 2274 3738 7145 1253
13 3055 7116 655 7693 9830 8176 1695 8918 6678 4356 1508 2667 6459
6 9401 3200 1159 4246 1423 6416
10 7928 9805 9411 4713 9947 180 1768 878 3212 4845
6 273 6831 4469 5021 9403 9914
17 6150 3786 7988 8791 6902 5182 2467 4003 2355 1981 1294 8995 716 5635 1707 2688 1175
4 2571 9287 6808 9822
16 297 8489 1627 942 4109 9546 7548 8376 6571 4141 9778 161 6066 6102 384 1342
7 9305 9670 1143 1693 482 1998 9435
12 6879 902 7525 987 2291 6708 4029 2299 8437 6264 7260 9107
18 9412 1503 3030 3029 1833 9738 1721 893 382 4426 8591 4718 2513 5701 8293 6758 4107 154
19 3024 6076 5507 704 6633 2952 8485 9631 9054 4117 4256 4784 6042 9548 2892 4587 7276 2052 600
16 2735 8708 1735 2706 9341 7226 7172 2710 9474 6601 2042 9879 5655 4822 67 2256
16 9768 5086 8112 9409 6329 8028 3157 4532 4002 4523 9482 3689 8926 7982 2584 4625
9 4637 4973 718 4420 8798 552 5498 3404 5852
9 5903 2260 473 4043 4985 7622 6609 1770 8074
20 3017 7685 2963 2912 3057 2738 8664 5539 2556 5466 9421 194 6888 1078 2645 813 2875 7960 358 118
14 7553 3540 8795 853 7837 2919 934 7686 1738 7900 6451 4209 8553 6820
19 7249 8559 2512 6942 3138 7211 9463 1831 2900 4924 5689 4014 1796 1561 7363 7007 4360 7637 7775
13 1319 1494 9481 2622 2599 5291 249 5360 516 7605 2633 4244 7578
14 9925 6663 2126 3851 9475 2989 3173 7503 1042 4163 4878 1761 8954 1816
20 3005 9996 5868 7877 146 1176 7580 4196 2782 5566 8020 5243 1402 4406 3910 3547 9299 2368 2856 3428
22 5358 8219 9806 8868 8274 4585 7255 3773 8799 1897 6909 5001 1518 3338 4204 2938 1255 2580 5042 9110 1165 6778
12 3168 513 9346 4965 4712 4930 6308 6975 8645 5552 3085 838
11 9267 9306 6023 4205 9743 5562 3461 6620 2948 5680 9367
17 734 8158 102 3203 507 6596 3901 1873 6474 9229 7807 2921 5872 7737 4336 9578 1525
7 7585 4428 1430 1745 506 2939 7360
16 5227 8458 3468 7561 9617 2910 2790 4654 7143 1963 6298 9333 7508 7635 6337 989
18 7104 7993 8190 6541 8713 9065 8505 8179 3601 9574 8988 6319 2119 8672 4217 6747 9572 1985
10 6296 768 9820 5782 6956 6238 8855 8896 1119 9081
16 6547 7690 3047 8338 8040 9842 832 415 9847 1177 7707 5541 6974 2414 1767 641
20 4848 9965 7934 3585 5678 9394 8023 354 9838 4825 5486 5829 2979 7365 9972 8632 5952 8129 678 9113
19 2531 9078 2941 6199 7709 3735 802 4981 2338 3839 8573 477 3292 3939 8560 8821 7081 6054 7522
15 3578 7162 5699 7341 5603 8214 3493 223 3556 6068 9867 256 692 5220 339
14 4080 8086 8462 3875 3732 8637 9002 7808 128 3314 7015 6312 5999 3187
19 3410 7499 9042 7171 6340 8848 4031 4404 2748 833 2802 4365 4667 8510 2359 4276 8498 851 3209
20 61 6004 2869 7041 2181 5636 66 9815 9620 8854 6799 2829 6000 5308 1394 252 4876 6560 5181 3680
9 3371 5948 156 1311 1246 8193 6262 6655 2448
14 6228 3692 2717 7309 8534 575 5803 933 4857 6882 8603 5041 5255 801
17 1146 8243 9537 93 1655 2429 8610 7762 2501 7361 7101 4007 9327 22 1072 3339 8250
15 117 6424 502 212 2639 8546 4128 5941 2174 3799 7274 7643 5132 9208 9594
11 8382 3758 6399 3579 1414 7456 6067 2541 3717 6736 5254
22 4414 6220 7428 100 3373 9104 147 7448 8072 6864 9139 9658 3621 425 6558 7407 2662 8883 8316 9077 1989 1657
18 6875 8370 1170 9680 4873 2992 6767 3453 5425 7010 9270 5158 1776 7562 9902 6552 116 8963
20 6410 6123 6718 2578 381 9495 1272 5996 9595 7065 2737 6898 7594 7999 6513 7958 155 4739 114 9232
6 2736 4869 8200 5734 6336 7871
20 6412 489 1794 7555 7576 9613 1660 9276 645 3317 9246 9462 7732 3 2713 9962 3808 8695 930 3736
13 6457 1105 7628 4293 897 8334 5503 4970 202 9089 7790 880 9870
4 3729 2212 5537 9385
10 9254 2278 8989 9019 3149 8296 8440 8748 8244 6610
7 961 5654 8303 8407 3714 4164 7998
17 5402 5751 6965 6473 1564 7234 935 6159 3077 9070 4384 1604 7397 1932 5611 1959 8034
14 3103 950 4421 9952 8631 9273 8864 1232 3666 1415 2731 2021 5382 8047
17 6053 6222 1160 9526 1729 8225 1580 463 9433 8259 5124 7724 3261 996 3116 6162 904
14 8406 1512 6141 422 1037 1211 1861 2835 883 6734 7414 6081 7420 8881
12 6239 4836 9702 3640 6672 3433 8285 1297 4992 9963 1168 835
13 2507 3693 7040 6208 4615 9985 3710 3949 6925 8359 8135 5804 3361
10 497 5717 1257 5861 1994 3614 8025 8763 6868 4039
19 9003 3830 208 92 8694 1142 2954 3466 3783 9152 428 1340 2635 7741 7536 6608 1457 2766 3467
16 2774 3557 9109 2105 7401 3073 6615 1324 6921 4035 7630 6565 7588 4529 96 3575
8 2660 1637 1218 104 9894 889 1688 1432
10 6069 1778 338 1030 1316 1012 4101 839 9053 7729
14 7357 4455 8728 8157 7263 849 2327 8640 4819 2477 3222 7282 3938 2951
14 9249 6924 4130 6493 4953 8007 4758 9388 5844 278 1449 6292 9143 9839
21 610 8342 7692 9255 4709 5213 5289 4113 7712 1942 6832 2537 3053 3316 6730 3489 3573 1396 3701 5522 1284
15 8557 8102 9207 957 348 5847 1193 8827 4062 6261 3271 2031 4219 3354 218
13 400 2784 6438 9090 7174 248 4327 1220 9303 4888 5457 5886 6996
9 499 8529 6201 3877 5256 9264 7770 5169 6090
6 627 7465 4941 1834 4343 6763
3 9514 1855 4635
5 3025 5440 3696 2187 7760
12 8133 3294 2828 7779 1949 5120 9874 847 8817 9092 1941 8289
11 8351 8787 4228 419 8213 9286 3790 9696 6379 4557 5074
10 585 1054 2695 172 9751 23 6982 3395 8258 5963
18 7557 2316 2999 553 266 1433 4689 1024 9710 2230 8843 2348 8796 8656 821 6297 7608 8465
22 4225 4980 6502 5970 9477 2893 1723 1752 671 5756 724 7301 9297 3117 8268 4423 9441 4682 9132 4012 484 5183
18 200 24 2881 1422 8892 4223 9478 8615 5356 8063 2799 4279 3135 1747 6156 8705 8872 2462
14 873 7704 5491 6587 8298 916 4270 2776 8410 8291 399 7149 5005 1956
20 2788 4910 2559 775 6409 9127 6966 9238 4705 4150 8263 6920 6873 8101 1955 3154 6859 7167 1243 5103
15 7911 6849 3816 2480 2245 7512 8239 2141 1689 5417 6002 1443 9263 4366 2445
19 7198 1530 9464 8379 245 8629 711 6218 3199 2206 3123 541 1733 6462 8550 7403 3432 2154 3846
18 8699 5335 2520 8996 2585 494 741 3054 3952 8189 6713 9130 2924 2213 8779 2093 9233 2778
9 6822 8192 3403 5163 8148 6824 7543 9686 7271
18 8803 5282 8671 629 2577 7535 6818 3623 6757 8984 1524 6602 1741 1509 512 862 515 5341
10 1067 9151 408 9980 7860 9407 6442 8471 2850 4263
9 3445 3976 4138 5684 3163 6324 4746 6905 8851
15 4349 3090 8425 6805 6012 39 697 8173 8343 326 3139 4988 5027 1717 8906
11 533 7759 300 2675 1944 6356 1013 4583 5172 8413 5059
10 2758 1725 5658 332 9357 4335 9400 3873 1182 7868
15 2056 4794 7438 8367 3270 6630 6825 457 6751 9457 2281 3748 2254 6504 2620
8 2123 1844 2455 1532 7417 4433 105 6320
9 3603 4352 6967 5995 6659 8548 8590 4173 9359
16 9625 2838 2536 9466 8955 4895 6393 8804 599 8062 7422 715 1348 4300 4990 1626
12 2519 119 1560 3622 5695 3430 1299 4224 4087 1264 4591 3207
13 3760 1676 9179 4046 7321 2179 689 5050 7648 7699 3501 7865 1461
3 4665 2591 8143
15 5049 5598 1835 493 3205 2216 6625 2777 4879 8917 5915 997 7587 8081 1022
19 7314 6430 4913 2184 7323 1644 982 65 6638 2600 744 8616 4093 43 1828 6629 7273 4870 4964
14 6916 3972 6307 892 6971 1843 6677 4736 2916 3673 924 5824 4259 5383
20 1609 4112 225 1346 7019 6634 9836 501 4558 9934 8134 1041 5748 4105 686 4828 2780 1539 6277 4407
9 4520 5628 8783 15 6641 601 9871 7773 9163
10 9691 5856 417 4630 9497 5535 9031 4329 5909 6385
12 7141 9974 7190 4706 9561 9037 4260 6279 6426 254 9251 1876
16 7430 169 8167 5934 8737 9920 8447 1123 1330 4344 6857 4159 3459 1275 4369 3638
20 8448 4511 9011 7846 6752 4206 5400 9684 3606 3685 7180 5464 9033 456 1597 8357 3782 130 5133 3794
20 1995 9164 7710 8962 4328 2240 7574 5907 8766 5815 3490 5730 683 4663 9335 1889 537 621 6572 3045
15 6304 6024 9289 3133 9645 7372 5777 8830 137 2942 3439 7194 6904 4775 544
12 19 364 315 1907 1033 5715 3894 9969 8312 5372 2160 6254
8 854 284 4958 3596 1046 4245 8730 5171
14 6695 32 6575 3409 5193 2453 7103 9586 1774 174 83 9828 5706 50
18 2166 2742 3795 9402 9720 5799 9038 2235 5386 4213 2898 9228 6387 4372 4388 1711 4675 9833
9 1817 8035 3731 2323 6203 6863 9498 2542 6682
12 825 4502 7572 4006 9671 857 370 9917 2025 1302 6370 8673
4 2883 1228 7632 1504
9 7965 3546 6515 3722 1937 1629 3027 2232 9835
11 4071 6786 3697 2385 550 1027 7237 6755 4033 6556 6134
18 9314 5025 9068 5409 2020 2061 2657 7245 8952 1700 2244 1852 6772 5092 1050 543 5802 9565
14 6189 4948 3384 7941 9897 8277 9026 365 9288 5167 10 8115 7072 1578
11 4307 3281 6570 3225 5860 9103 8813 1591 9247 6253 5099
16 4984 6466 9626 753 3036 1755 2377 6815 8326 7579 7629 267 8361 7418 1724 8000
19 474 41 9744 444 6893 3482 8038 951 529 1523 6764 1860 3072 732 5959 283 9945 2447 9348
4 271 6244 2528 5582
18 1313 5601 896 8786 4139 922 5064 6168 3510 498 8094 6407 5862 3101 9012 668 687 6880
7 4648 3129 3513 3167 1221 233 7362
12 6206 519 6202 4724 4355 342 7990 2395 5481 8177 733 8857
9 5226 4677 1496 1551 1008 7504 6692 5452 1450
9 7206 5901 3228 6923 6378 2793 2712 4899 514
8 7230 6327 7134 6639 8801 1884 8727 8549
13 3067 975 6361 3112 3958 9685 372 141 3993 2975 3991 3491 4503
18 7088 7243 830 9845 7048 8434 9487 1489 949 9789 9410 5858 5632 3747 3973 4038 2111 4234
8 8146 1240 4914 166 7684 5698 9224 9520
6 2986 2783 1111 8412 492 4395
22 4935 7975 5324 7554 9313 2464 1263 3146 1799 6762 3798 751 7043 5495 7610 6963 9101 9941 4198 2051 4478 7367
14 7196 1349 7569 6746 7117 6491 320 9205 5514 3295 2547 6129 2109 7935
12 8832 277 511 3675 7398 4666 5662 4749 5143 5442 5975 7021
11 4733 2412 8806 5394 74 8597 2957 2173 8254 3602 696
