31 2820 612 6888 8919 7579 2578 6493 3001 7866 9362 4880 1516 5314 2100 5024 9862 428 4750 4118 7133 3428 1334 3178 4362 640 7583 7951 127 8589 7187 8670
30 5831 9890 701 2693 2459 2018 6309 5312 9149 9093 1158 4728 6927 6829 2817 989 611 3213 568 5672 3142 3935 5358 2072 5009 4271 3328 9900 953 7747
30 2854 8546 6603 7864 2051 5461 3292 3680 9546 8834 7390 546 924 5306 5758 369 5622 2690 1652 2726 9479 2079 1878 6717 860 7371 3202 4526 7997 7649
32 9997 7855 9470 4327 2633 7742 4309 4069 9583 9270 6412 9173 1650 2790 782 3926 7556 6963 4623 4187 5697 2035 9749 6355 2612 1546 5702 4646 1449 9293 3008 3021
28 8019 698 7529 1339 6152 5912 4788 1784 8638 7693 5749 3430 3290 7860 984 7564 938 1886 4299 4499 7168 6126 6103 4571 6431 2041 2556 5284
32 9670 9117 5112 6655 3903 2384 5726 3103 8793 4457 358 8862 8350 1483 9704 4072 8610 7172 3293 3594 1234 4849 4209 8252 5173 9710 9613 2828 4274 6656 9969 124
27 5454 625 182 9584 8339 2599 3040 2136 3802 4945 4079 4601 8231 7199 3026 7500 2975 5778 9530 137 2575 4042 6293 1015 3957 5774 9358
27 1111 3179 8170 6258 1795 1612 7538 5875 1725 2280 8677 4147 9008 5786 1088 6078 444 4752 1065 8069 3874 7224 6662 2211 2737 3106 7368
29 5679 7256 7448 2604 416 1675 738 6105 250 7369 2679 2055 2009 8536 225 3269 3409 830 1338 9928 6247 3966 4731 4242 9903 9124 2441 145 9643
31 1434 7439 9850 6322 6485 6395 6747 4562 6221 7680 2188 5847 3065 9800 559 6653 5495 5103 1252 8863 9684 3823 7302 9813 1682 9143 2357 1255 4963 7907 2894
30 820 5326 7787 5134 7323 5574 215 1760 5171 230 597 3058 8573 1929 2675 4148 9507 3458 1231 7127 5164 3689 346 6108 7463 3652 5374 8374 9109 2436
27 5954 2550 7175 3782 1025 1250 6616 3711 2525 54 9677 8861 9072 4471 5270 9077 1169 9214 1201 4208 8010 8112 7604 3940 3601 977 4275
28 4506 7574 5798 5997 5612 8992 3091 2574 851 9798 4040 5412 564 3246 1504 903 1456 3638 1940 9386 9142 1031 9036 2398 5521 6068 9579 8887
28 333 1512 8346 1398 1239 2468 1515 4004 5012 9921 6191 6813 1962 1968 8007 8972 2740 2660 1613 727 3793 6290 2721 8893 6883 950 9748 9438
27 8232 4980 3643 3503 2664 4530 9406 848 2558 5811 5162 6098 1662 643 9617 7310 3088 7506 5321 4772 5735 4613 1812 617 1136 8629 5921
32 2849 3353 4481 6463 2205 1644 6767 1373 6389 1299 7660 5434 9575 2465 2502 4420 9681 1047 9409 5464 9294 6641 6095 5888 6254 1279 1305 6028 3083 3906 2791 3595
28 9413 773 3322 2252 7488 2212 6944 1639 4888 2116 4132 5063 1261 4843 5498 4719 801 2277 9206 8905 8632 9022 1634 5402 1313 8216 4419 7641
27 1179 4974 6687 3139 2710 3203 8000 110 7536 6456 7432 1292 1771 9283 7378 3571 7200 5389 3189 1922 6391 9028 8729 4552 655 869 1921
28 9145 482 9157 874 1429 4514 2637 4734 6559 8603 886 3407 6449 8222 2080 2372 4328 1351 7732 4211 847 4536 1183 6324 5276 7246 3071 5561
27 306 993 1021 5156 171 5478 2853 5170 1089 9317 893 9655 9179 1498 3672 7656 8034 1400 4451 1850 3613 6317 5221 9698 7399 503 3080
28 7678 994 276 5129 4455 6556 4126 7988 1064 8641 3742 8967 9035 1314 5695 6471 4570 7410 5750 9843 4572 5408 3588 1396 2306 212 6061 7414
28 8450 1807 3295 7957 4976 7361 8874 833 2183 3635 7300 6253 8149 1052 4332 8139 370 7507 3964 3523 5518 6593 7967 5261 1786 8061 3006 6898
28 2863 7031 4503 40 9052 4926 9974 1012 5969 2499 7243 5793 1799 2998 6508 539 9430 1496 9673 9595 4513 6937 5922 1018 1811 3697 3868 5666
26 6430 1134 5669 8543 3560 2410 9499 1269 9500 7672 6862 5249 178 6433 645 9671 6387 8571 6381 2222 1669 8802 251 8522 9645 7775
29 5835 5130 8481 3612 8162 62 9721 1282 1253 2680 3603 5601 9370 1489 5135 9668 758 3824 7093 4389 5891 139 4508 5099 2405 9759 3197 1350 3375
28 8033 4760 395 2263 2916 1674 435 4889 51 4272 3273 8512 2300 2187 2951 7003 3550 3378 1362 5902 7440 634 3369 2572 4257 4680 2523 3818
33 7833 5756 7918 7109 8327 2138 1165 5376 1167 7755 4363 1096 9110 258 8294 6114 8886 1382 5037 4847 9509 6527 6685 6401 4225 9357 826 6986 6002 9679 6783 8596 6576
31 7418 9328 3383 6973 3177 9817 4304 7980 9310 6263 8262 1548 2852 6129 5428 5962 8373 2727 1213 5636 4854 6526 1953 1443 3219 3948 6921 5845 6498 4512 6906
28 6975 5944 3598 9967 8250 4183 1998 2403 995 3229 527 6352 4161 6072 7932 8534 6054 6529 9693 5788 6913 4036 9476 6327 1629 3074 6088 4087
27 7590 8152 5815 6278 8471 5105 1735 576 1121 7404 9618 7025 2893 2475 7778 9567 244 28 7182 114 3459 6499 2400 5787 9882 7886 1993
29 1666 8267 5310 4573 6379 2242 2450 980 3683 3532 8728 5290 510 8334 866 1887 803 8367 8419 1379 591 6589 1703 7523 9523 497 4947 5432 9418
28 7759 8406 5952 446 4560 2126 8958 4089 1304 1525 7766 9249 8335 6684 9002 8713 4555 6058 8537 3282 4528 4932 29 7616 8658 8810 6969 1946
28 2995 6197 4238 7219 7384 288 3917 2435 1485 734 1679 7108 5869 5767 6453 7102 700 7079 9396 6803 3564 8312 7140 5649 3583 3734 5375 5987
26 2870 9688 5917 779 5990 1600 9790 5512 6409 933 1215 831 1832 8837 1623 1977 8 5468 4426 5946 7457 5466 8272 4586 7066 5107
25 3387 188 6756 4887 1804 6274 6300 6567 8466 6178 1102 5220 58 7365 8186 6558 945 7269 8735 2618 7152 8880 9349 9431 8470
28 4078 5771 1704 5566 9076 6710 6859 3667 8700 3882 3850 5913 916 6483 6786 7013 4103 5272 1757 2112 7920 4675 2025 2731 4973 3345 3048 6207
31 9832 2417 2005 5086 1588 3703 5857 2762 5850 4205 4446 8528 2207 3434 3191 8821 9844 2151 2387 4207 7438 875 3790 9000 8719 9167 3542 4381 4590 7854 9914
29 2038 5149 2330 9104 9816 53 598 5396 8541 5879 6385 974 8616 5265 7388 998 5114 6968 3615 6834 3526 8344 708 4608 652 9962 5372 6159 1445
30 681 3216 2777 3582 5460 6231 5303 7347 6186 5769 7835 5018 5488 6213 8422 2658 2949 5422 4359 3485 1200 6642 6541 1108 9277 3527 6867 7631 5635 6413
28 6507 4122 5041 273 7026 7976 4942 2175 3212 8680 1564 644 71 3094 2682 3368 2869 3327 6739 6894 1164 3097 5452 2962 7223 5559 4871 9860
27 7277 7245 3640 5181 208 5351 9955 1222 2106 1104 7876 7816 6665 4424 6223 3419 2164 9641 7225 6549 1658 4342 3424 7858 3993 7322 7756
31 1572 4119 8903 1140 8134 7120 9752 970 3346 4465 6535 1118 4544 1695 5441 5093 3108 56 2307 4475 6083 1008 3296 3483 6848 5158 1580 1486 9542 6663 4502
30 3883 4765 9075 4802 3735 6766 9286 5167 7927 1306 5384 6651 997 3778 5761 5332 8175 8461 471 7357 6034 9298 5572 293 9318 9788 2275 1001 1551 7492
28 8725 4433 5195 1985 1053 873 1593 8553 3156 8689 9793 1493 6145 8348 7702 4934 2070 763 4234 3965 8326 9638 2627 575 4961 9383 7049 8307
26 3160 1712 8740 3534 8439 8108 132 4393 5772 8532 7811 7400 4919 6742 2704 1517 3890 8856 8457 1356 9265 6080 8376 7970 5240 7326
27 3016 4805 5334 3044 1275 1448 2519 9669 8673 5406 8274 5584 7651 2897 2404 8762 2714 9419 2133 6140 8380 9433 2434 8708 287 7270 7820
27 6599 3123 626 2736 291 6255 6794 5883 167 1368 150 7614 7709 2020 529 1698 6670 8614 1845 8397 7067 5011 6981 8772 4197 7741 3642
31 2446 2765 7979 6234 1080 2037 5188 9585 9648 3871 8486 1898 8988 5279 2050 5291 8639 9060 245 2447 7975 1156 6297 9373 9125 1041 9849 2883 6161 4461 2623
31 9191 9211 3656 6983 304 2137 2394 9491 8679 4158 1349 881 1002 4599 1147 5230 5095 8401 7733 9066 6863 7563 7686 3691 4038 4320 7029 1672 6264 5551 4347
27 719 5049 1983 34 6474 5968 8954 9397 5863 4264 1431 2509 1389 5578 9931 6439 2419 302 8313 4604 8430 7339 8633 6761 5491 8959 3808
29 2603 1942 3258 8875 8586 7259 6779 1160 9725 1602 6188 4500 5530 3629 2546 1353 1416 9323 4035 4711 8212 8229 6467 2063 6534 1385 7903 7470 694
28 7426 3832 9213 3519 2141 6657 8910 4589 6163 2943 8894 7282 5048 7012 2631 5539 6494 8028 5630 562 9519 6116 399 1716 2667 9968 3530 9163
29 9925 3209 3198 9559 7147 1740 4597 8913 425 6160 5010 5404 709 4343 8780 8168 9169 5733 4202 4618 9432 765 7658 2437 5629 891 8585 1714 411
29 5455 3632 7937 479 7177 9761 7436 513 7024 468 2062 3127 2944 9424 8242 6376 4365 7823 4879 7640 3357 7469 1966 2360 3196 818 7178 9527 3024
26 6781 1359 8083 9732 2085 1236 5218 8517 8488 5975 8840 6800 55 2730 1142 4149 1488 6270 9313 2366 37 4984 1798 1079 8819 3769
27 526 227 2297 3005 4408 1430 365 5587 4325 2799 5514 7863 6612 2044 8691 5718 1598 2997 2515 7398 1078 7551 3098 205 5609 1739 6065
30 8141 2586 1566 8282 3259 4673 2674 22 9954 6230 1120 4519 9218 5840 4943 131 5484 9709 9676 8199 5929 5061 3221 2619 349 2571 321 824 4707 819
33 156 8246 5967 1024 6765 8754 2238 6553 4003 7472 8214 6586 6882 8605 9959 8926 8759 7159 1581 9867 6004 8357 9305 9198 5019 459 1859 9398 3664 7697 6442 3285 9556
29 6440 8468 2563 2847 7060 3804 8239 2801 3254 5490 718 4136 5766 4515 7265 2872 5505 583 211 2045 6314 1534 4920 8088 2282 7687 1263 730 9544
28 9159 4303 3987 3932 5051 6966 35 3100 5700 8211 9376 7815 8659 3543 3136 123 4106 2309 9614 6468 6194 6694 735 4908 9080 480 4063 9786
28 3440 8128 159 271 9699 9073 9079 7249 4486 4083 1194 943 6454 2977 3828 3568 1046 3162 1970 2598 4968 1857 8738 8955 9916 2968 8816 1289
28 7136 7096 1130 2933 3283 5144 2239 6500 9329 5278 5028 1524 3798 1044 5839 683 4549 4902 5139 1844 3591 7905 7666 4877 4384 1484 2952 647
29 6042 3756 1805 548 4718 7191 177 4370 8499 6318 4689 140 3801 9344 7018 3657 2432 9653 7684 4285 6383 3165 8706 5677 1347 1470 448 2719 6202
28 5604 8948 1745 3050 2339 745 4692 1151 2689 8458 9952 7645 907 8185 5073 9810 4054 2466 9316 4778 6443 9146 5676 6053 621 2862 1697 624
27 102 4796 2241 4957 4909 6073 8820 572 3604 800 1971 67 8963 2342 9325 7499 500 7070 7372 1324 7562 9472 8323 5101 1454 8228 4605
28 9738 6683 450 2570 3350 9590 9803 1932 9393 3427 9327 5964 1056 1068 7623 386 9776 6307 2081 4810 6131 6769 4884 7746 1115 6022 3421 2810
25 6885 2091 7421 6871 8890 5116 9936 2142 8309 4958 7122 4612 4032 6502 1536 9935 1336 1743 5414 8449 7619 2454 9563 1875 6537
28 6130 1833 6796 5128 3306 3671 9462 4809 2274 2722 4204 7661 359 6951 9311 4335 9996 6611 9088 6349 7420 1586 4651 7220 8100 2143 7362 969
30 6428 6791 1753 9636 8697 3291 1390 8970 2310 7981 3678 7753 7340 4425 7344 751 3983 9 1741 2639 2023 4016 8785 7512 7659 8174 8187 7478 2494 8909
29 1808 8579 7698 6961 9811 7086 9172 9461 111 3392 7935 9855 6878 4617 4761 7558 2231 6326 6476 6127 9701 7446 5034 1513 5437 3752 20 5042 845
27 6340 4568 1415 4607 5580 8022 91 5222 4577 1069 6728 1847 4120 95 9923 4312 6758 8429 5866 1077 5341 6 4681 1937 5536 8770 2504
30 187 726 9695 4034 9382 6816 4175 6446 5821 174 9728 5770 710 838 6996 3301 169 3641 7961 8321 6923 4041 10 9034 2927 453 4026 8132 9650 9346
31 9058 4994 3698 3575 2506 2622 408 8848 243 7462 2808 3484 239 4749 7258 3441 3897 5971 2929 248 1090 2605 1084 5709 1633 5538 2779 9765 2059 6647 7021
30 7653 7639 144 5555 8829 5224 5499 8828 1730 6572 6918 7370 8538 8864 3923 2581 1706 3056 7628 8303 2361 5141 8157 7799 695 6832 5734 6842 8037 9770
31 1785 523 1938 1595 9785 1210 5323 979 2375 5510 9529 2513 3515 331 7560 4199 7058 318 3884 705 9807 6394 853 6926 6273 7972 5907 8928 2493 8631 3504
28 295 2795 3679 5751 2906 3442 4250 8711 7607 261 1871 4679 9067 3453 5579 5817 6111 4310 1632 241 6195 3263 5754 752 3572 2953 7004 8096
26 3155 5966 4824 498 338 6049 2562 8131 4774 3314 1460 2204 4177 7763 4191 5394 1087 992 8354 2476 6548 821 6251 4746 9723 6625
29 3117 9460 9037 2244 9627 6819 5138 9395 541 4997 4031 2923 9919 376 917 5187 6649 1931 524 7786 3658 8382 5155 6408 4615 4619 8574 6955 2907
24 4172 138 1100 7449 3266 8027 771 8289 7305 7097 3011 3147 3609 5067 7808 646 9144 3089 9269 3002 427 9535 282 537
33 1717 7643 1956 8017 3462 663 2036 6427 1904 6847 8652 3402 9497 1934 2800 5504 9616 3978 7206 1117 2321 7943 867 4558 9364 197 6339 7600 769 4352 7655 3531 7207
28 175 9826 6785 4415 5910 9258 5896 964 5474 5509 1532 300 6354 8142 2981 6350 7212 1606 7103 9271 3309 9789 4176 8247 978 5215 7608 2528
28 4523 3452 2198 6925 5020 238 9540 2313 3144 6183 1825 3893 3807 9207 1701 9024 3129 5487 5267 7646 155 8173 3053 4927 3655 2616 2565 4254
31 9392 7205 417 477 9384 6177 5079 499 9885 5822 6357 4732 8552 430 713 5924 3747 5252 9297 5853 650 8473 9026 3559 5725 1518 3138 7921 4353 4235 6614
27 2600 4634 5387 7699 2755 3783 8911 1555 8358 4785 4081 1963 5519 2708 9877 7428 8705 1984 136 9965 1061 3070 6654 3354 172 6573 3913
28 2758 5097 4006 1014 8701 930 8201 610 7812 7466 1395 7706 9187 6024 4215 7307 1783 4740 9647 9005 2127 8280 6917 7669 315 2778 3173 4793
33 6424 4764 1842 6635 5226 4739 3347 9565 2409 8723 5119 2547 6674 1935 5834 3944 8807 1173 2219 8133 3261 8720 1343 897 6592 7486 8606 2308 6495 2881 4832 1990 4915
29 8709 9441 1377 8193 3332 6437 3912 1872 9267 6997 7150 6601 4139 1726 1495 9156 3222 9199 5165 1992 9605 11 5719 5560 856 5543 5849 6810 8392
28 9189 436 4091 9202 1123 8464 6452 6919 5433 2511 7046 9780 3819 7233 3753 5943 3109 2564 6336 201 7274 7862 9945 3352 2706 6059 3101 126
30 9351 7216 1191 7982 2169 1681 7845 4394 7349 1883 5547 3955 1747 2370 9876 9047 999 2625 2402 6949 707 6691 7461 2884 809 2834 7764 5729 5690 9941
27 3511 328 6265 7867 3845 9719 4273 4377 6750 878 4520 3502 9434 6692 6698 7737 7994 2087 2898 2438 5025 3538 6801 9032 1975 2796 2406
27 2851 2517 5370 5209 5680 589 3731 8873 7392 7111 3647 4334 2004 8787 5299 414 8667 97 6023 4245 2588 9924 6569 3045 3472 8385 2518
32 4141 5524 1670 7922 1779 2166 2167 704 6519 1836 194 7906 8455 7884 6915 6624 7725 3047 9560 8827 1645 7211 2787 783 8836 1626 2926 5549 3796 6480 9481 5698
30 5371 5973 9131 4046 9504 5353 5784 7078 1545 4444 301 1097 3849 5122 9312 4645 4557 5773 9901 2700 4744 5814 3023 7289 8940 253 9422 6626 7534 3116
27 327 3611 4099 7042 2101 6634 530 1370 9442 3608 4290 798 1972 4855 9757 8190 3102 5463 9611 1296 4620 1357 7770 501 9045 2850 5988
31 2822 1035 7929 5668 928 9856 7406 1174 363 452 38 8144 3795 7740 2235 305 1927 8148 354 7476 9926 8557 7197 6086 3713 3311 9828 7852 4699 3555 1851
28 5260 2864 89 2526 1300 9356 3439 0 3813 7802 5192 9906 4160 1223 6851 9122 8158 2292 807 5339 2190 6019 8554 5380 4237 4940 2007 5486
31 3660 3288 8592 544 5965 3537 4795 6036 6244 3429 8055 9526 4952 8332 7532 2251 6594 9852 9706 4991 1733 2317 7567 3841 7453 6136 4380 5257 6598 4789 8194
27 2717 6154 4797 3694 5448 9454 2266 7356 3130 1435 2076 1544 2903 1401 5214 3370 461 3928 4261 6370 8881 5824 2626 509 7542 3038 9958
31 7138 1925 7047 1196 5895 6262 3755 7359 1839 3887 619 70 636 8611 9160 693 982 3820 66 7547 5338 5992 579 8014 7411 4666 2478 4954 5562 4097 6172
28 3249 5014 7487 4710 6348 236 939 5228 4117 5235 1668 5704 4431 109 6026 9729 1392 8336 9897 5979 7085 4780 3112 7477 556 7817 3517 8696
31 7584 1893 8399 665 2965 4192 7412 1787 4385 2960 2028 9412 4565 1920 3010 3585 920 6170 8319 8276 8403 7095 9369 5981 4790 3943 2866 6798 7435 8479 4300
27 2635 8983 1860 9806 9115 813 7769 1420 8460 6436 8330 858 4423 6388 7072 6220 5186 4786 2665 9102 5589 7303 8393 5678 2804 5789 4331
30 4052 5136 8078 7798 906 8277 8634 4969 3724 2083 1011 7037 7785 6999 9458 9552 6380 4737 2341 5242 2488 921 6455 129 4993 8736 9950 8731 7165 4585
27 577 1109 5846 3201 5151 2352 9619 9870 925 7765 7374 3310 8721 3721 7700 8773 2663 1748 7366 7504 3726 5234 632 3712 7726 5285 2786
25 7427 3171 5185 5456 721 7381 7317 7605 3304 5781 6206 4402 7586 1719 1114 2312 8947 2742 9657 1475 9582 8749 2911 3188 697
26 586 6543 1407 5632 5148 3443 4358 383 7592 1549 1899 4696 805 3495 2741 5040 7881 407 6199 2073 8467 932 8032 7517 7537 5273
30 6423 6595 2442 8615 5318 4627 5457 3297 7784 4691 753 4818 9216 2416 5909 7099 3271 8942 4027 2216 4429 8428 6420 4039 9335 7518 5667 8774 491 9510
30 3183 3704 1060 2573 1220 768 9831 3669 8076 7468 4025 8628 3863 5442 9010 4603 7739 6048 7635 3853 5544 5762 6579 6887 4783 2709 7856 561 8317 8151
28 2150 4182 3172 5258 9549 9678 5307 80 356 7131 3435 7549 9256 8490 7681 505 7573 7571 8064 9195 151 7101 8742 8777 7738 4287 3381 2659
30 7849 7235 5113 2769 2930 2775 402 5223 3480 409 1092 3262 5292 9280 7587 6432 3895 762 361 7624 1116 5004 458 4012 77 8197 6776 7050 9838 6090
31 3875 7633 5675 8885 8074 8237 6922 9599 164 4550 670 2643 8661 8826 1952 3389 7146 6904 2026 7098 488 6458 8079 8716 8690 8192 7807 2268 1181 4708 6441
28 5634 5564 961 3150 9836 7176 590 2135 9437 1861 594 2900 2686 4551 5259 3013 4438 9644 631 6536 1827 1005 983 6356 467 7965 6496 2254
28 3236 1437 9747 4650 7992 2048 8257 8500 3770 2331 8067 7009 6836 4713 4488 8860 1195 7333 438 4626 1755 4979 4468 6201 4020 1464 4956 6511
27 4935 8440 9408 2971 6580 9241 4758 6550 1477 3546 3834 2826 5427 6228 4448 7676 7248 9230 3933 6109 3627 5091 4531 5918 2099 7063 63
31 8103 9155 2512 3618 3866 7482 8756 320 7561 9854 4193 373 4873 8769 2314 1936 3437 4125 3432 9266 2047 4445 9496 2566 7868 9101 6311 4518 764 2969 9018
24 5959 9988 3385 6578 3518 7650 7916 2654 871 413 7983 8482 8722 4776 8310 7262 7819 786 3768 1685 7490 1981 4762 6639
29 9215 7984 3316 69 4152 2531 8933 2318 6277 3743 4092 6763 6809 3684 4109 5212 2259 8662 6896 5250 50 4850 2294 44 5391 3207 1327 1027 1177
28 9822 1577 4217 850 3954 9096 9629 1229 4185 5350 8437 3839 2842 6450 6841 4146 5123 774 4595 6259 1381 9722 1583 8510 8516 3946 2067 7260
30 4768 2182 2418 5516 7944 2591 311 5757 7304 3398 9821 8907 9464 1308 7167 4059 5154 7189 976 864 364 5722 7128 1281 7508 4936 7008 4965 1864 5453
28 962 5939 5503 2042 3763 1969 5436 8478 6280 6329 1433 7771 5768 1589 5075 157 1221 3602 6678 5335 3750 9608 3447 8672 5780 9164 1738 2349
27 1999 3592 4616 1554 9095 5671 9315 6295 525 1692 4921 3415 2520 4230 9609 4756 2882 6777 1803 5203 6771 1951 8803 5937 6833 2467 1154
33 6056 6956 5608 5377 3811 605 3410 7028 6727 3648 9634 3313 2859 8345 339 3393 2014 4845 2462 1673 6079 8671 5288 5807 4216 206 4462 1841 2703 4479 8416 3970 6405
30 601 596 6597 9966 130 9416 4722 9795 9994 1792 8347 6582 1170 7831 2645 222 9598 6417 5617 8525 9711 7565 7139 9610 2510 4196 2119 9829 6055 8753
29 9321 6062 3873 9751 7144 7327 2728 3090 257 8253 5395 9007 6552 3894 14 4129 5001 4800 5060 4330 9801 7250 3469 9503 5819 9912 7789 641 8387
28 7318 8039 3501 9756 5658 158 6000 2027 1344 3035 4262 8666 7114 6182 9736 3400 3740 3916 1284 2159 890 8188 7342 5337 9642 1211 6133 2149
28 4891 9417 4088 7611 7331 1604 941 4694 392 4782 5701 4633 7126 5842 5737 4070 2592 4861 2958 1945 1570 5316 3111 4008 3959 3962 8225 6371
29 8849 4060 9361 8503 1421 6032 5368 2301 9107 6971 4062 2474 1754 5689 5732 802 9355 9528 7479 2861 8822 1455 9379 7644 9886 4346 12 3157 8443
30 7851 6668 3551 747 7519 2555 375 706 5163 1689 5035 7423 4582 7873 6544 729 1272 263 9421 9174 8291 1426 608 1162 3699 8043 6222 1022 9580 8879
31 3831 9166 9589 4717 6620 4917 8765 7840 2937 5407 1837 7484 4178 2802 1280 2982 6530 4043 5957 6232 1625 4269 1989 3163 2393 2691 4584 8891 2481 1791 9918
30 4661 2713 9445 8431 9592 9980 2429 9943 7278 8469 9842 521 1867 4835 6486 3759 3514 274 4970 1346 2684 3253 6373 9245 9108 2302 442 5526 7805 1185
28 8544 8364 6770 1737 489 9456 8831 7489 9084 1301 790 7776 8284 6378 6462 7053 1780 1903 424 7160 7913 1902 1686 1393 6305 6189 5851 5211
26 8724 493 90 9042 6102 7581 2868 9554 2064 1643 822 2120 8878 264 3287 8707 3915 148 767 4624 2248 4138 4411 1010 3554 3952
28 8595 8227 5467 61 1049 8176 1138 2179 4559 3544 84 394 2390 4851 4839 6991 3596 2128 3077 4686 1699 3521 8779 9208 65 1615 2957 9697
33 8099 3665 9591 7394 5545 1913 4386 7637 5157 9394 4483 4724 4720 5282 4179 2759 6282 5808 2508 5331 742 8181 2773 6342 9524 3717 1227 1288 2829 8539 1503 6952 7527
33 2098 8383 1036 9019 5999 1264 7279 9665 7185 2433 8389 8316 8150 4856 4665 7407 6697 7443 8489 9292 153 7813 772 7051 8570 7535 5710 9331 7601 2008 951 7315 2497
29 2584 2698 816 5237 8936 4983 6817 3348 5900 5440 2928 9228 143 1885 6323 3499 604 1823 4725 7241 622 4463 3727 8484 4337 1399 9330 5033 519
24 6229 8447 2876 7295 6211 3556 7870 5506 1000 2891 4602 9400 2757 9998 454 7193 1814 5140 4449 8637 9285 7923 6960 3386
29 9106 6931 2583 7183 3733 9190 679 7379 1258 6331 9976 7334 7345 584 6143 5800 8882 8031 4094 5415 1101 1251 9631 7154 5615 8935 6524 2807 496
26 3448 2793 9561 3953 9735 2992 3489 2061 1676 7268 4428 2534 5782 680 6757 3125 8087 7879 2827 7904 2545 1974 6667 7968 4881 592
30 9180 9446 6890 9702 2186 4286 7894 5682 2489 5916 7629 5597 4028 5309 7877 2316 7882 4883 7218 6802 599 7821 9516 7501 9486 9025 4698 8195 4767 4644
29 2734 7324 4944 3411 9963 7149 9990 2774 7869 8931 387 3879 3061 5972 1840 9596 2692 355 7143 2628 9086 3022 3066 4150 651 390 371 6279 1766
33 9151 5197 3471 7329 6402 9407 6369 1411 4575 2624 4489 7377 8047 6367 5664 7298 6147 5104 7803 8226 3408 8420 9337 1656 8973 4022 6840 9450 8987 3800 439 4418 6014
29 1769 8394 656 5794 8547 2914 4307 6128 3205 9126 6171 5304 5600 2666 3054 9050 8758 7848 985 7874 7814 6831 8521 8664 1447 1119 2990 8918 4978
28 6808 2086 7015 7481 4249 4093 1487 9350 3114 8418 2286 8013 6310 8925 4546 86 5567 3891 8271 1901 7041 3358 6289 6013 4222 3072 2630 5885
27 2440 7313 4794 3524 5868 2912 2057 2322 1770 6690 4726 1290 2610 9466 214 183 335 2792 4763 272 4308 712 469 7713 2448 1369 8932
27 1711 9718 1247 6313 3036 8111 3830 2477 7117 3330 4266 2577 6429 406 2551 8497 9534 6789 759 3230 5576 1982 9205 1874 573 2668 7887
30 8946 9498 6959 5245 6444 2236 6618 4116 6866 6666 1988 2720 5000 2114 4748 9448 9564 4826 6285 1955 7963 4409 2376 8576 7683 2938 937 4685 9255 2879
32 7080 7511 4458 7969 8841 5940 3907 8649 4931 1039 5238 6856 7195 2325 8755 7962 9119 6607 884 1033 8800 8817 9210 8427 4663 3859 4995 4890 9094 5227 9799 1199
34 1466 1062 5115 7014 6864 3238 8966 8375 975 3934 6795 2078 9979 2946 1642 9845 57 9588 9426 1611 8161 9237 672 2356 7445 3084 2264 5430 7731 1916 1315 6587 3748 1635
28 2163 666 256 1139 1608 5022 9238 3182 2158 4432 4938 648 5411 522 8732 3463 9624 2411 6875 495 1696 7169 1529 4367 1820 4540 7978 8265
31 2368 8678 1751 9352 4507 2295 7974 4395 7227 7405 6979 4497 5100 1214 3416 2683 9547 6539 4648 8495 8839 2750 1355 1335 4971 3597 8433 1333 3687 6142 7774
29 9168 6227 2069 3 3380 343 1414 6686 4588 8477 5687 353 686 5198 1894 6726 7615 3869 8379 5623 3206 1497 1112 1527 31 7729 3816 3529 8395
29 1788 1816 6416 7603 4053 9899 4356 1944 3865 1007 7525 133 1553 9763 3920 2348 2653 5479 4023 3245 1569 8342 2449 4108 344 843 4674 3645 4678
28 8057 5160 8207 7496 6790 7253 4104 9302 7038 5856 9720 4344 5974 7043 2617 2237 6591 4033 8135 9295 8091 1019 9377 2885 3218 5915 1559 3826
30 13 2090 7794 8733 5520 6292 1198 3122 5355 3215 3300 1256 1709 9043 412 8990 9411 2173 1471 463 2458 8951 9569 312 2533 677 5805 5948 6806 531
31 602 5482 5942 7161 7416 7286 3881 9184 5748 5058 2132 2397 4293 3771 7493 6345 1567 775 9405 6946 5927 8056 5283 8071 9682 6489 9878 9863 6169 8068 7319
28 835 8125 5213 2304 9236 1772 682 6057 7202 1767 465 4825 3317 1452 6414 5076 1848 2270 8984 8795 657 6608 7714 9176 3710 2915 9873 5193
26 3145 4466 9136 7883 60 9484 6393 9415 5068 8943 1163 2092 1303 6510 5731 6466 5150 342 7314 9859 3994 4416 9620 5386 6266 9700
28 2223 8698 551 7985 1923 7116 3528 9182 8123 5366 5802 2986 5951 6115 5108 92 8999 958 5631 8359 2102 3498 1728 6076 7966 3092 4539 2249
28 6096 4071 3950 8699 4636 5117 9892 1009 1423 7071 3286 7990 8413 3220 6701 3113 8196 5977 2484 3749 8160 6316 4580 2848 4592 5621 2901 7162
30 45 3775 8710 6857 5826 3707 8897 7896 9457 8463 9970 2030 7838 4882 922 533 1094 9264 1828 7578 3244 2702 2117 8818 485 7717 5633 5473 8360 7911
30 6950 4473 2855 3972 8432 8261 7723 1276 5714 3821 3654 1259 7209 6672 911 865 5497 3152 8975 3639 2798 2596 19 8900 959 149 1509 4820 5928 6121
29 9742 4057 8566 9175 3744 220 1854 8005 6256 9812 6849 1003 6811 6846 635 6518 4085 4654 3466 2733 4102 3980 4121 3578 8244 1295 2789 1428 6091
24 9581 8786 3476 8438 6046 1631 8526 5843 6872 1797 9824 1636 2527 6050 6512 226 4939 9663 9840 8845 2385 1928 6755 973
30 5046 1113 5938 6363 4227 5619 7338 9898 3905 8602 8505 5568 6337 7893 9483 9209 536 4742 8869 6165 6047 1510 880 6517 195 9148 2257 7474 6447 5178
26 4107 4751 702 5583 919 2609 3513 3069 3791 4127 8857 3284 3477 8362 3073 4893 64 3945 6193 7582 3862 2046 8081 2544 9768 1648
27 9054 7606 2472 82 4248 6464 8204 7142 6361 3176 59 2355 1744 4011 4862 7353 6104 6315 1216 8626 6799 8823 5926 5489 8768 796 8465
30 6933 3709 8952 7244 785 515 3486 3741 8798 9087 2426 4547 2056 2424 9222 5409 1341 5841 4159 3365 3294 1646 7252 5286 6688 2718 8164 8402 2942 5638
29 8858 7704 314 9492 5333 3919 1217 3465 2983 9220 4289 3908 5064 9750 345 8390 6721 1713 8843 9796 246 5554 9879 9691 4105 566 4412 2809 2980
27 1408 4773 9984 7397 1283 7239 2642 106 4055 8042 2522 9012 3982 3941 8426 6384 2043 7829 2131 7495 728 146 6659 7287 661 5216 6804
28 5919 7539 4318 8063 9251 6299 5177 6286 8588 4110 3481 6976 6460 7844 2193 2837 9262 2723 4554 5143 7137 7987 7754 1543 7553 2215 6737 6491
28 9111 552 7636 3623 1257 4817 2359 5253 6084 5070 1889 2412 4316 4417 3382 1866 3418 5003 7373 6734 1843 6855 4336 4905 8567 426 936 2291
30 8598 7662 3169 9130 4697 8663 740 308 2961 420 7847 1680 1721 8558 2753 9630 5385 9473 8048 3843 7034 4203 4537 4505 4291 6153 1705 3829 3857 2338
26 7828 1599 1909 896 1241 6554 7768 5556 5159 5133 2955 7059 8446 237 9390 947 7221 9162 9511 9048 317 7055 5747 8895 4256 6835
33 8561 8730 3772 1614 3992 7180 971 4048 9183 7045 2552 4095 4579 3584 9217 8560 1457 3837 1973 3329 7083 7762 6525 142 2392 857 8241 5882 2123 2814 6942 849 6787
26 9340 1568 2711 4937 3702 5696 3170 437 5911 2705 1796 7267 3896 7692 3960 2271 4924 7971 5663 9744 963 2638 3239 4490 9188 4962
31 3039 5383 7309 7552 9515 5210 9907 4076 1657 8398 2289 5096 9332 2887 1482 7853 4258 4493 2229 9730 8098 6604 725 4729 372 4999 2784 7164 8290 3059 2561
30 8097 1271 862 7890 6718 5126 216 8968 9289 5838 6069 4124 6693 292 2589 8341 9011 6877 478 8692 4464 9085 5743 6886 5180 894 5844 4345 2611 6017
28 4960 3425 8980 9322 678 393 6990 1897 3341 9254 7875 2548 5327 6954 1103 1918 8908 5043 8767 5620 7657 3995 2865 7544 9113 9573 4594 1363
29 8551 4759 1365 3396 1325 5400 837 9165 7675 4137 9562 7257 5691 5132 8883 9197 6807 2227 4596 6788 9541 8474 9348 8275 1594 6360 4354 547 6216
31 7914 6982 5740 3693 9273 5207 3951 3949 8410 6167 9314 2071 868 6581 4284 4986 1294 4378 2888 9140 398 3549 761 4709 7749 186 18 6907 3958 3062 8799
27 7735 7148 9930 968 3405 949 3335 6630 5036 9090 1630 2165 2428 5730 7912 6438 7510 2180 4755 267 876 2669 2964 1718 7100 1954 4556
28 3922 528 5345 3412 8050 3780 6652 2021 5818 7846 116 3812 6398 5804 9387 5884 6712 2420 1394 2880 104 1514 9069 6838 2537 5717 2367 2423
27 1579 3911 8927 2003 3898 9242 4621 9880 6912 4130 9116 310 2656 5268 3814 2899 9783 3337 9319 6957 9020 1576 5471 2075 3758 6546 233
28 8090 2332 336 7695 5263 5349 4082 7773 9848 883 9690 9760 1144 2017 5006 2185 5072 8519 3046 5421 7254 3338 3947 8747 5711 8146 4866 3436
28 2805 5008 4166 3027 5829 1152 8924 456 7580 184 4021 4511 3095 5606 5720 7217 7069 279 8674 9775 2421 7933 4959 7048 806 9971 3474 2634
31 8644 4922 7694 811 9884 7719 185 6738 2832 5637 7062 4898 5137 6735 3132 664 5346 1858 905 4837 1273 5563 4142 6066 8535 3779 3289 7107 8298 7839 6173
31 724 3833 5262 7367 289 4030 7467 4452 9240 8264 5413 2052 1723 5905 4295 5833 5152 8650 1063 8095 1565 165 1501 4283 3729 2065 5110 1105 166 9991 9138
28 2381 4671 1038 330 7485 2058 9708 8645 4174 1309 5297 259 8255 6321 3599 5741 9070 9512 4563 7497 9062 4450 3938 105 1762 7772 1533 5953
28 6198 7395 6669 3455 9625 8454 1707 4885 1427 199 4658 781 8384 234 7924 6119 6487 2118 9938 6568 6070 3586 5665 1474 8660 2371 7471 7996
33 5552 6497 4349 3765 457 504 6753 4478 380 4630 5390 4869 8145 6386 8939 3028 8338 8550 4614 6792 9239 2460 913 1949 1155 6911 2991 7166 3168 5586 3468 6235 9204
30 9141 9992 2000 1059 6304 2745 1759 6472 6715 3986 8734 7958 5352 8686 4371 2324 4522 7673 6106 3666 8208 4073 2174 1628 5593 9244 7261 4897 1522 7555
27 4469 4066 3235 6374 4476 1131 8266 1342 6328 7664 5059 9029 8094 4294 8137 7088 1458 8599 8804 2886 3751 5684 2729 41 2999 4771 4747
26 5325 3247 6475 1410 4195 6844 7016 674 2161 615 7330 7104 115 2225 449 887 7514 7325 9875 5469 9306 859 8485 7926 8898 7917
28 1141 1386 2890 7115 9129 5949 2673 6902 8154 8904 4647 4002 1176 6272 1853 7515 2226 9570 3231 6132 7665 2284 8556 6248 8533 714 8409 7215
25 671 6214 5881 1380 5705 8281 7296 5861 7703 7387 6648 2148 8035 3692 2224 6617 6528 4649 8806 3861 8308 7386 990 1150 7899
27 4801 1387 7358 4151 1051 4730 4950 2738 8377 5935 2735 8623 6707 2066 249 7276 7888 6039 8459 2932 1979 2340 8243 9572 5032 6947 8180
30 2139 6671 6936 6351 5713 9520 1521 4350 5074 5121 7761 3975 3695 1418 1358 5379 1530 3343 9017 4653 1987 9597 607 160 4840 7843 6029 2530 1637 5255
29 4804 9960 4170 1267 9123 9937 3033 43 9044 7036 7503 384 9278 125 3175 4373 3034 7889 8119 8496 5111 1617 5089 8852 3661 892 5161 2985 1397
30 5832 7006 6117 421 5724 4313 6547 2892 8655 9839 6515 2408 8020 1459 9177 6226 2485 5287 538 5038 17 3012 7954 1232 2162 8763 1930 451 6012 4058
33 3256 6557 5475 1499 6677 6016 8293 2053 2391 9753 2194 5906 5661 8989 7509 7491 1146 1383 6180 8041 6900 2688 4198 8113 828 1337 4326 787 3607 6377 5204 9932 7264
29 9053 1660 4769 3099 6481 5693 3619 675 9380 4638 4844 3454 5963 6060 6291 3961 5746 325 9929 6346 6987 8923 3676 9181 4459 8965 181 8941 4821
29 2234 5889 1037 5247 4067 3118 93 2950 6854 6584 2457 9771 7767 4892 1749 8509 9666 9098 9674 2453 9234 4324 8101 1129 455 8830 6184 8744 5707
27 7995 6992 3856 4311 899 8093 794 2298 5502 7409 1444 3548 2153 6208 6451 3552 2113 7447 8304 7198 2172 6560 754 5715 9064 7934 3057
28 4065 5324 910 8003 2860 9777 5102 5739 9006 620 9808 9502 7336 1188 8597 7622 5643 6124 9487 549 4846 1332 9061 8287 8058 6920 6722 578
27 691 6425 750 4933 5 7054 107 1810 8251 3336 9127 6252 9501 6063 2540 7081 6884 8997 2974 6144 8451 1318 9074 1601 8782 277 419
28 1187 27 8513 8613 8565 4144 6994 720 2001 789 1218 3797 5124 9703 4914 4779 8688 1352 8702 9551 8563 9521 4029 5300 6465 121 3120 6479
30 6330 23 3505 7458 309 2966 5201 5760 6764 3362 2629 545 2495 3303 8842 4829 4280 5248 8155 6400 967 8021 3032 8127 9977 6818 3493 3148 1099 8618
29 377 9257 9227 5553 16 3391 5654 9391 1777 8462 5763 3364 1182 918 2369 6629 4434 2299 4404 8300 7293 5933 4265 113 2559 1375 5196 9015 1793
29 9371 7871 3149 2144 6410 2873 5670 9339 8912 6225 6287 4376 3251 1467 5450 3344 2945 3004 2319 7027 5616 217 7857 823 7711 2812 8363 6932 6632
29 3153 2554 2399 1855 3696 6643 5296 7671 4542 5425 3456 9365 3942 4288 4838 4738 4868 1240 3736 4876 4569 699 4228 1834 8750 2959 4712 3634 5738
26 8220 6190 6155 2293 555 4745 9324 1207 7727 8206 6941 1879 2077 914 418 7040 1884 1528 3217 3900 948 2505 3985 9003 7806 5681
30 1641 3533 8183 5534 4200 9537 319 1238 5878 4831 793 3228 3974 7557 4213 7184 5958 4164 1246 7999 1649 3255 6067 6241 1997 9576 5728 638 5054 2507
29 3240 9538 4246 7380 2343 5525 1093 7679 5084 7190 1020 6138 8814 8189 1876 297 3376 1450 7783 7434 7454 9221 9766 9637 1881 3589 9296 5970 2681
26 660 4338 26 3051 6123 9223 8564 4387 9939 2651 3835 7712 4098 965 379 7898 8529 6984 9532 6679 9652 3154 6052 8270 5280 722
30 804 3636 8177 3630 8073 3757 5066 443 6205 4194 5183 9818 4687 2382 7005 5581 2034 8480 1906 4372 6219 3115 7255 5624 1731 7090 3226 637 8062 4901
29 3902 9194 6347 68 4629 5522 7408 397 8365 7748 9815 7275 6814 9651 231 2739 2821 5614 5357 6682 5087 4133 6858 814 2261 4913 1473 1106 711
28 3423 534 5908 5653 3009 4529 3049 8737 2247 7745 4201 9857 8296 7077 1137 7546 3319 9922 1376 3969 7311 9226 6209 3577 6619 6490 5044 8114
27 4830 6610 5529 1192 4442 281 7240 1219 473 3055 1023 9707 7701 6850 2425 4946 4928 6333 8600 3257 8811 7332 6972 6762 1607 1678 7540
29 1587 8504 8870 5886 1776 593 3722 4302 4315 6267 5904 3670 1908 9983 9279 48 254 9830 5810 8230 6853 7530 6880 4721 6745 6704 6751 3918 9741
29 9488 4447 9601 350 7516 1715 6623 4639 5759 841 7955 5045 4684 7989 6716 9250 2315 6492 649 3999 9911 4859 5381 5120 3614 6506 3349 5930 2155
26 2993 389 4632 7528 2346 8234 3318 9733 5508 1360 3563 8089 1145 6540 639 299 324 5708 3976 797 4173 1790 7595 4827 4635 8694
28 7320 8995 8934 1520 4009 5348 7878 5369 9436 6824 9375 1329 3134 1321 9694 3250 9712 9021 3184 3031 4894 748 2328 6040 2311 1270 8167 5823
28 7609 7494 8297 3682 5855 7842 5435 927 5439 313 3194 2878 189 2939 5356 904 5340 2754 9016 1702 8405 1372 5459 5809 2189 1653 5269 3082
29 9888 2636 8850 1734 2752 2746 6876 6419 7061 74 8122 4153 6948 7007 52 6759 4357 4541 5094 3223 4427 2486 4366 4664 9774 1655 6633 202 7234
29 4322 8407 3302 6664 2815 8872 3186 8417 8791 1683 2122 161 8191 5716 4317 6861 6628 2972 5444 7825 3725 4912 8456 692 1943 8060 5231 9782 9604
27 4189 4754 7335 9635 4587 4567 7464 7751 4221 5322 391 8215 8956 6174 6418 5026 4010 7208 3617 1729 9550 4155 940 6435 8715 6843 3399
28 3233 78 6970 3064 9891 9200 4642 5742 9056 3431 715 4430 1451 4112 9683 9040 5573 8612 6700 1663 3673 4485 4075 581 4895 2620 1345 1665
27 6613 4753 8400 5462 6563 2323 8256 9451 4460 8808 7105 3817 1621 337 2970 3512 2029 595 7170 122 9603 3626 6366 9170 3030 2956 7456
26 1965 839 1590 1691 6150 1592 3610 1354 4168 4906 5080 1742 6719 1050 247 1480 3621 4305 8531 7073 3438 6782 2094 3355 5398 6051
29 2672 2202 8851 1067 8120 1441 6752 4799 5142 6268 4047 8369 6780 6018 7321 3806 6521 7591 5602 3445 8163 5785 8838 7376 8018 516 7850 7652 9895
31 5266 4543 4803 9646 6407 795 1575 1541 7931 7401 2011 1032 4382 6772 5443 4727 8847 8171 2272 8198 1075 9649 7818 2905 3426 8527 3014 2088 9987 3663 4775
28 2156 352 7569 3781 9033 4156 2154 2920 9439 4348 2415 4306 5603 9739 1774 9290 7630 3576 7585 658 4333 5364 9602 5232 415 1540 2296 6148
29 8502 7760 9942 8026 8072 4181 2748 3185 4341 2947 5289 76 6873 5752 5727 2889 2333 5594 1563 5607 1202 8998 1995 2978 8712 396 4297 4643 8009
28 8854 8315 1330 8049 9304 1677 2744 8381 4736 8213 3298 5405 7612 2220 3888 8871 3799 9525 7141 5656 7145 7 7301 8788 4798 2273 2016 3143
28 929 8654 6294 7020 3278 8368 3858 2917 8581 9153 9363 8815 6238 2833 2287 5027 8082 4706 5825 4806 7263 3838 6335 5660 368 4339 3279 1627
29 7337 1539 5721 5613 1818 6125 4096 3019 6676 2538 1622 4243 2606 5611 1761 5546 9427 9659 326 7959 9746 6477 5363 614 486 731 3840 8110 4364
27 746 8545 554 7566 2535 6242 5244 7572 9781 9658 2835 3794 5874 3321 6338 6306 388 4399 8704 776 242 9881 8306 717 4735 6074 2084
29 3042 1764 405 3367 7986 8790 8285 5925 1127 2097 972 3545 567 2389 600 2125 7626 5628 508 7023 2362 770 8648 2214 5936 2498 9607 7718 7502
30 1959 8961 9797 8717 2218 3573 134 466 9482 4988 39 6993 1870 1856 1409 7758 5447 3885 3776 3761 8301 9639 351 1378 2093 9934 1209 9444 6596 470
30 9692 1746 3210 8745 4655 6168 9571 6562 7513 1193 4163 3277 1405 5367 557 4218 1511 3886 9046 2290 4972 2650 6903 2363 7902 3998 8218 1801 7947 283
27 4852 5595 2351 3899 5598 2747 9235 4566 3487 2068 8008 7792 6175 7795 9999 490 3085 7283 5078 2196 8739 6636 4517 2567 6269 2134 9212
30 2921 9887 3860 2963 8751 4867 6754 5596 550 9281 203 7039 8801 6082 4045 1249 1122 6009 3805 812 1225 3394 72 162 8169 5359 6141 8412 9192 7796
28 9284 8205 5077 2766 5945 9027 8494 7880 7541 1081 1419 991 5830 986 954 1135 955 6403 5205 1624 1478 3848 8002 6308 6094 696 5591 7364
27 8896 8969 8415 6245 2013 4677 9477 685 5301 8004 4443 4440 3508 6166 4232 8329 4815 9758 6118 3270 4013 9201 8981 8555 9894 6038 8640
26 8453 9360 1924 2396 2430 6681 6985 6411 996 4828 6609 2320 7213 8115 3180 3939 4321 4482 8156 483 1110 4741 9905 5795 5050 1911
28 5801 6200 1348 7173 3126 5706 3854 1888 5523 565 4533 5890 5852 4925 7237 1054 6204 7231 1654 381 4816 7465 7360 9715 6041 4695 8514 4188
28 4467 6891 4392 2012 7230 1095 422 3984 2788 8518 2989 9089 3020 8824 5854 210 5978 9553 4609 6768 5893 4781 5243 9819 9347 8070 2267 9837
31 5588 8184 3312 5483 4214 4084 6868 8320 9915 8937 2039 2763 4652 6085 4100 8015 861 1661 5652 6962 923 6064 9920 6934 506 808 6478 8077 4407 5779 8964
30 8607 3562 2648 2228 7442 1016 5166 2770 4858 4900 1620 6033 4990 8892 6989 628 4277 3377 4240 3204 5640 9574 9132 8622 7121 8165 7801 3931 2431 9558
28 688 3119 4662 4480 3764 1961 5796 6218 4134 901 9231 4564 7157 2464 8601 9469 1224 4656 8921 1463 423 374 7119 4631 8979 7938 8743 3810
28 94 8121 2858 2145 6995 5182 232 3164 9949 3774 5397 1206 3131 6646 7312 5820 7834 6827 3967 6805 4206 3977 9291 6828 889 6157 3107 4131
29 9696 1826 8781 3867 8693 3331 163 9489 7960 431 3166 6708 7939 4583 9118 5378 2695 8578 4453 3714 4007 7451 2934 8045 6660 7192 340 3422 85
24 558 3628 3181 6935 7715 653 1882 8493 204 3925 1647 3078 4930 8475 3662 5775 9823 8059 9972 4000 5305 8487 6217 6513
26 5254 1312 6151 9568 1560 6551 7526 6860 1228 7942 7032 3390 580 4051 5199 2022 9401 827 8065 8136 2203 3649 4872 7654 6680 6164
28 5500 3460 8356 8950 1462 1465 2536 3904 2233 5146 4792 6705 1490 8591 3674 4955 5806 3754 8138 433 366 9013 9539 6797 8542 8236 1991 447
28 9543 3929 5557 540 3844 8421 1178 4948 926 1098 6820 1724 3705 1029 1439 4610 834 9896 5431 3093 7548 668 7734 7895 7677 7900 4268 4037
33 5645 5147 6879 2940 8977 2168 7158 3326 6027 3784 7743 323 7522 9247 2724 2973 5947 7075 844 3043 4406 755 1619 3087 410 2074 9667 7281 1287 47 2380 2582 7272
28 3766 9248 6003 8540 6113 2768 3267 9272 6538 9078 8153 2948 9490 8675 623 3067 4244 7779 6087 6571 3739 8888 8929 3706 7930 9474 119 7010
29 9872 4398 5528 9039 5082 780 2232 6312 987 5175 8665 6192 7620 6644 5081 1781 7273 307 1578 3433 6158 7391 9680 3135 3936 6358 2170 5897 1651
27 6261 6729 108 854 4018 2918 8609 7790 7891 5382 5533 5330 5540 270 6045 6505 4770 7403 5792 4296 3141 8219 3547 2904 8978 8784 9577
30 6897 3496 810 7648 7543 784 3225 4015 4251 4521 4388 5071 2867 2825 6010 2984 4578 4414 440 3248 8684 284 5039 9253 4688 6415 6823 2587 900 3227
29 4077 3877 5511 3701 9428 4323 956 3388 9420 1671 8832 3315 1402 7431 7124 5590 6334 3068 2344 935 1687 8411 5686 8685 6916 7123 5877 9866 7688
26 3190 5941 8797 6382 8624 9485 5610 8249 200 7284 9545 5438 7757 2568 588 3728 2490 4491 9114 2543 1500 8408 3214 8582 6008 1596
29 5062 8424 2785 5031 4622 4314 209 3420 8812 6531 8794 3989 4379 609 2615 3616 4074 5013 3007 3475 7057 401 4848 3450 2976 8011 5736 5950 9354
29 207 1531 8949 357 3323 9139 8727 2687 8569 1083 3506 9993 7188 7949 4383 8355 5373 494 744 6736 1230 1775 2377 2875 2250 5996 882 5021 1298
32 9714 6845 2152 4400 9621 2253 3836 4495 2838 6470 6793 1028 1519 2646 5429 2124 9964 7130 4637 8796 3137 1161 2407 6043 3789 7389 542 4360 3842 2516 9452 9827
31 9814 3492 7793 3060 4910 736 8865 8328 1895 5293 141 3320 3488 3356 4180 99 4167 5662 4787 2192 3787 6964 5319 2109 1254 9320 3719 240 8240 3901 8311
30 9282 1752 5903 3855 3716 630 6744 8642 3280 5550 1074 1948 2171 9326 8498 193 5565 7129 2602 1438 8209 8102 1297 9805 1266 3467 5548 6390 362 5410
27 7901 1048 8404 1175 676 606 8920 3777 4941 3490 6368 5417 4992 6837 6953 3718 5458 2240 6239 4593 1957 2712 2031 5960 1690 5065 4329
32 3363 3361 8625 4239 2353 8549 8957 2279 6359 8627 4527 888 8511 1319 8813 5993 8223 492 633 1710 7350 6645 9656 7977 2104 6713 9023 4561 103 5836 9802 4171
32 654 1574 1186 7689 6284 7232 9640 5424 8741 4247 9186 7135 7928 9689 4375 8066 9081 4080 2327 7292 3473 8491 8580 3539 2529 8647 9508 1958 7106 3404 2678 5723
25 6257 4766 6250 4715 2049 8778 5860 3275 8993 7455 2647 2857 7459 7809 8901 1391 5931 4056 5328 3029 2694 1765 235 5527 1508
26 42 8835 8324 7575 9874 5683 1322 5887 1610 4229 6590 1244 6399 8124 8051 716 4819 5194 9275 6281 2483 7505 7991 2329 7533 6575
29 9858 4989 3914 3333 7625 1442 5446 8914 4263 3192 2542 5169 5803 6484 3700 1535 101 5880 481 9471 3924 5765 2443 5812 3979 2456 1367 946 2994
28 9764 1846 9522 487 8130 221 4487 7777 1302 2846 4019 7346 1494 475 7196 1265 5799 3414 8361 5892 7092 5873 88 8515 8084 7214 1235 9724
27 6570 3937 5537 5233 8052 9229 8178 1242 168 2725 4140 6893 8775 3063 6362 8370 8295 3773 4863 2871 298 2856 8695 1404 616 6784 8636
29 3384 7782 429 6237 8714 2096 8441 6276 3018 9917 334 3360 2354 2082 2015 6930 5982 6343 1684 5920 3133 6196 1900 8846 6533 6637 7841 9995 1212
28 1817 1896 4115 9366 1124 9097 4231 9675 1243 8258 9548 2539 8248 6908 1171 981 9587 2839 4441 8524 7113 5085 5017 9978 6011 1967 4875 4916
29 4114 1204 5777 2482 629 6658 7299 2129 4703 9338 2230 6574 8448 7596 1166 6006 6621 6965 840 8608 3276 1328 1374 8202 7791 587 4811 6542 7417
29 3720 8472 915 1862 3681 432 2221 5229 8726 3520 9531 4145 4657 4833 799 2671 2256 1453 3359 912 4670 8676 4484 9225 4369 9947 3161 3668 9307
27 5673 5388 7638 5206 6504 4252 7621 5639 5189 5311 2913 9158 8855 8630 1507 7750 7210 9465 3052 4024 4439 7074 2197 732 1550 5470 2388
27 9049 9435 9440 8053 8766 1659 4472 2771 1307 8617 9309 32 213 1469 8414 5899 1190 1026 757 8922 5995 1947 7280 8792 9100 5365 3708
34 2830 1573 8434 3659 4279 6910 4784 2569 8442 9622 902 1132 1980 7473 3825 7076 1436 8106 5015 7859 673 8764 3193 180 1058 176 2831 4705 9713 7810 7730 3406 9071 98
30 8669 1425 6640 563 931 3373 6099 9989 2337 8147 2935 9833 6406 2780 9453 3567 4509 7181 1732 5816 3792 1159 4403 7480 1153 8117 9869 574 1773 5320
27 9475 5535 9459 6748 6699 3746 4628 3745 9260 7610 4504 1371 7589 6375 2576 4700 8333 100 4886 1591 1086 4510 9557 3274 5685 6865 5644
29 152 1468 1976 9956 229 8445 4903 9909 3625 9762 5647 4223 8899 7554 3889 3786 4538 3880 3822 260 520 9493 7052 2732 7520 8986 2670 224 3767
28 5876 6461 1491 9804 8166 8273 2195 7800 7597 1248 4822 7941 7112 6895 7385 6075 4492 9717 5131 1043 8643 1432 2987 1800 6881 4422 9615 2925
26 7382 5030 191 7724 1863 5005 2201 4975 6826 1317 1802 5281 7429 9334 5477 8867 8587 2910 9981 1072 3624 5342 79 8501 6732 2217
27 7132 8568 3827 2813 1278 7865 5542 3299 1996 4857 135 9092 7056 3605 6302 2806 5419 3000 1388 8104 2491 5764 2501 3653 2487 1071 6179
26 1472 9868 4581 9150 3762 2608 662 5176 9853 8577 3637 5118 777 4410 4421 8221 1502 2988 944 6071 1479 7617 6503 3956 5481 8805
27 7545 3968 3264 1417 2024 4355 5570 6097 8483 532 1618 5894 4813 7001 2283 8140 8107 6695 1366 3497 9009 5932 6899 192 8776 9505 8945
31 9740 5057 2265 9933 9506 8530 4005 3847 6212 3644 9495 689 1172 2685 9261 3401 6743 2110 2379 9480 1157 7797 7204 1506 4210 7647 6532 6397 5870 3334 9784
27 9443 7576 4068 9612 3851 9961 1547 1917 1693 569 2699 9287 2500 8761 3963 2108 8982 9429 7550 1605 3307 2177 8902 7125 4224 6564 7153
30 570 3075 3339 1926 2701 908 1133 9864 5976 3785 8245 9057 5347 7242 8436 4676 3927 613 1720 1073 6469 2455 2089 2374 8985 347 4841 5513 3876 7341
29 9038 6001 6980 128 1422 2358 1994 5168 6344 3086 5501 7068 3241 1034 278 512 6724 2941 6020 6870 8340 9623 3081 3208 6943 7705 4682 6320 960
31 9662 9288 5984 9755 7351 1055 1412 2541 5401 5053 2243 5828 1091 3003 2845 7033 5531 6353 6775 5980 154 3017 3561 3910 5599 4319 6181 9767 7174 852 8351
26 934 3991 6928 2140 1597 8594 173 2797 117 6185 4064 1960 7247 2019 2206 1537 6249 1286 3566 8825 5172 737 6203 1891 4135 7194
25 7186 8044 5109 170 2395 6007 8991 8001 7163 3892 3631 5200 8859 7035 9794 3971 4669 2492 9341 9301 6139 2054 9705 7294 9847
27 8172 5069 8657 9606 294 4716 6815 9308 9883 6606 1320 6137 6298 9672 9091 3574 8116 3690 7064 5961 2336 942 3308 3305 8683 7593 3232
30 8299 8366 5898 2469 9263 8012 8572 6978 6675 1189 360 3110 8507 7919 5202 9455 5426 2521 5399 6107 2461 6101 8748 2115 7413 9463 9731 3870 7908 9478
25 4967 6392 8590 4757 2677 9533 9975 3715 3242 3565 832 6892 3464 2245 6760 4911 5271 3200 8635 6774 6709 5864 5317 5007 4625
29 2922 9727 6030 6889 9773 879 6112 9425 290 8325 7091 228 8352 8915 3646 585 8129 7271 6725 3252 9333 5558 2383 9661 7156 8353 2781 3570 3444
29 7642 1040 5472 1809 5298 1004 1440 8349 2303 9274 6364 7450 9372 9233 4351 8254 8217 3325 5655 5047 4606 7892 2896 1815 2751 8916 4516 7460 4659
27 1030 5703 6488 462 4391 434 5302 5496 3105 3124 2262 1128 382 4157 4470 5688 179 6605 5264 2655 6702 6077 517 9353 8268 9404 4014
28 3590 4574 6092 2756 1042 3997 3281 5343 4241 2178 8604 5848 3730 2549 2111 4496 2246 348 7826 1561 2764 5088 9063 1017 8203 3041 7521 5418
28 6812 1143 4259 9940 4278 3079 4545 4874 2909 3553 1933 6187 1406 2967 7044 1616 3723 5986 2580 1722 1006 7444 8343 8559 196 5275 7348 9403
30 9246 2803 6093 7613 5153 3536 6600 792 7316 8040 5983 7082 3121 7830 1262 7171 8960 6940 8396 8996 8086 9449 723 3996 4907 7602 4702 9152 7422 5517
26 9861 1285 1700 6746 791 7393 8668 2595 4435 2260 3507 6749 2979 9734 6365 3535 9105 8930 5753 4253 5657 6631 9134 3872 2157 9343
27 2414 8492 4870 8143 7667 9268 7022 6874 6740 8974 8318 9809 1085 7118 3096 669 2181 1640 7964 7452 1481 1538 3909 5256 2585 9161 870
30 6021 5532 5476 5416 6516 147 36 7415 3340 8159 4823 3685 9185 4368 1664 6565 4340 5295 7634 7226 885 8853 7228 3510 7396 5650 1446 6325 2532 6135
28 1824 3128 8118 2350 7011 6421 8651 1340 1149 2281 266 8976 5451 863 4128 9196 1830 4693 2445 9779 1476 5871 1912 5016 5184 788 9388 5392
28 7297 7946 9743 4219 5251 7430 9494 8620 8687 2843 743 6914 8938 9414 7696 9232 6977 1013 8269 4143 1274 9834 5872 2095 2514 5092 5361 6301
27 3187 846 3921 2614 4834 9754 5783 8292 8263 8593 1880 5592 8337 2761 2032 7290 4226 2200 4086 3372 3569 1782 1311 1877 4270 3366 9555
27 7781 4390 8971 5127 4 6275 15 9745 4524 6215 2255 6773 6176 4743 2811 9389 5056 8288 3371 5362 4233 5494 8962 9374 3760 9841 6627
29 3491 2607 9685 9951 2147 9147 1542 7915 81 2919 1082 6296 5699 4101 4591 3686 5577 5541 2593 255 9726 4220 2816 2471 8809 7354 7804 6149 9982
32 3516 2874 502 7721 2841 2644 3558 3037 2707 7598 1849 7000 7973 9367 6945 9252 7236 5485 7632 7710 8452 6514 7627 8508 3990 2553 8520 9342 8024 24 2213 2895
28 8653 7402 9385 1964 6459 6566 7375 2794 7483 6473 1694 5083 3174 3449 7238 1905 9513 4704 6938 7780 7594 9578 8030 218 9904 4532 7861 6271
30 9014 7222 2954 2640 4186 6520 2401 3587 4044 1852 1168 5329 4401 3622 9303 1461 6706 8425 4836 9626 8656 4301 1107 5449 1978 8953 3522 836 4690 7936
28 286 275 7030 4660 817 8906 5901 3151 5274 1603 9910 3606 2590 2121 9769 4723 2364 7836 4498 2676 6089 7945 8179 9633 6988 1237 4998 5208
26 4494 687 8080 9378 4165 1822 9986 1609 5403 9593 3846 1585 4918 96 7155 5827 2662 8054 7498 2427 3988 9927 1323 6332 3159 2288
32 2146 4878 5865 7475 2479 73 703 7065 760 3675 8025 2760 560 1126 322 6457 9381 2697 4162 6939 5393 3342 5626 9402 8126 4267 9865 9082 2345 3457 518 5002
27 2191 1364 766 952 7383 2439 3479 1310 4413 9973 6210 3981 8109 6134 4525 8866 5098 5923 329 3395 2347 6602 7019 5813 4791 6561 2480
25 5955 1556 5934 8584 6822 690 3167 7419 872 7663 8378 1838 3677 8029 6714 6967 3732 7570 118 7736 9686 9193 5569 2716 9410
28 6319 5837 2557 1205 6445 7728 2840 2908 3195 87 9889 2931 9178 2877 3199 7588 6545 5239 4534 618 5605 6031 7827 9004 3237 2444 825 4361
24 445 476 4896 4474 5125 8506 4017 332 4212 7288 6044 1552 8757 8259 9846 1582 4899 5190 7998 5225 6821 5507 3403 6830
30 2209 7822 7720 5241 1890 4553 1750 9467 8238 8224 219 2818 9068 4598 2010 4477 6100 9716 9893 842 9345 9566 1910 3374 7524 2269 9586 1184 7568 7690
30 4949 4049 7708 7707 9219 2258 5052 3803 5277 5055 739 9654 9135 5994 8279 5648 507 733 6555 6122 1384 316 296 9065 3351 5582 4923 4111 7722 6588
27 3815 1831 3482 6869 8575 8746 9121 1245 2470 6236 3234 5791 2276 2560 1914 1057 9103 7437 1291 5745 7425 9514 25 9778 4600 6673 2936
31 2996 7343 4808 2649 6005 9772 8006 8235 8423 9203 1557 9051 6224 1919 6448 3470 1571 3852 2473 8331 2696 829 6243 5651 898 2160 1939 5344 5029 4184 2103
28 4904 49 6778 1260 659 8681 7668 2334 8322 6615 8760 83 2373 2657 367 5174 8023 9985 1523 3600 3397 8994 1316 8305 5859 6650 2783 5674
28 4611 1768 1148 4996 1756 7441 3417 7993 1226 8391 1915 2743 30 3211 514 4814 6958 9137 2641 1331 2285 7306 3478 9517 3451 7002 5618 2451
27 7229 4397 3878 8386 9791 1558 9825 8718 9133 4953 5862 1233 5420 855 6156 112 5493 6288 8016 7716 9468 2579 6583 5985 7788 8682 2107
29 8372 280 2496 6720 7084 6509 5585 7201 4282 7691 8876 9660 2924 403 877 1667 2278 1 6146 6839 7599 1208 9171 2503 9948 5515 9001 9423 1868
29 2452 2652 3260 2767 3557 5744 6341 684 252 2176 6233 400 8889 9628 9664 1829 6696 8283 1941 7433 9944 2002 6852 6661 6577 4981 7424 5991 4964
30 1813 553 2715 2 571 4001 7203 4454 3651 5090 1986 6434 6585 2184 6426 2060 4113 3650 5989 1736 6110 2208 4982 543 6825 464 5294 8619 6730 7559
26 2378 7674 2836 4050 4777 1794 3272 2613 5659 4374 1045 2463 8371 603 6998 1413 6689 8233 7017 2621 2210 9112 6303 2386 7134 3580
28 9594 957 5492 9224 1907 9055 7110 2601 6522 4281 3494 6025 9902 8621 5191 5642 1403 7285 7940 3593 1869 4061 2819 6929 4683 5712 75 6422
28 3581 9957 4951 4701 7744 4436 1505 4298 3243 8182 6037 21 1708 7531 8844 8038 8752 6924 6120 535 9083 8703 2199 2597 8075 2844 2902 6246
28 2823 4501 1492 667 6283 5797 33 1203 472 8944 3379 8877 5998 2033 3461 303 5236 6035 6372 4154 269 441 6260 749 9030 8092 3540 2661
29 4260 3104 474 4169 4535 404 3620 7151 3541 484 5315 1326 8562 3146 8278 6741 1892 5790 3525 285 5179 3738 5145 9399 3688 9953 7094 6240 9600
29 3265 3025 9787 2335 2524 8046 5360 6523 9368 7824 4456 8476 198 7909 5692 4853 4405 3809 3864 5217 4255 5776 9041 7089 378 4714 2594 8771 4576
27 7179 7251 3579 5423 5867 1821 6015 4190 6711 5106 9871 9792 9359 7363 8210 4865 4842 9946 8868 6081 5445 5571 5575 262 1727 966 8548
25 6638 9031 2365 1758 7752 7087 4672 7872 9737 9835 223 9300 895 1873 9299 1950 4812 5627 988 9536 8789 7618 120 4437 7577
27 1125 9336 5914 9128 627 8884 2782 8646 3500 5023 7925 8260 7328 7953 4276 2632 9276 9518 4860 5641 8388 6501 3224 6901 2105 1638 7885
31 2772 9447 8523 5354 460 9632 8833 1865 6162 9851 1688 8917 5694 2040 7308 3446 4090 2130 1584 5246 268 3973 5858 1180 6723 1277 8302 8105 4548 511 1778
30 8085 9913 4807 2305 1066 1197 6731 6622 1562 4640 4396 4929 4864 1526 7355 8435 1070 815 5956 6905 1806 7685 3788 6733 7956 6909 9687 3633 8314 341
28 3076 9243 1424 6482 9120 1076 7910 8036 8783 7291 9908 741 778 909 7948 1819 2326 5755 756 7832 3737 3509 3140 2824 9099 2776 265 6974
28 5465 5336 3324 3268 4123 6703 385 3158 4641 7352 5480 7950 4667 5219 5646 8200 2006 1763 46 7266 5625 7897 2422 1361 6404 8583 4977 582
31 4236 9820 8286 1835 4966 5308 7952 5313 1293 9059 190 7670 4292 642 4985 2413 7682 1789 6396 4987 4668 8444 9259 3413 4733 3930 3015 2749 7837 1268 9154
